SF:/private/tmp/pr17a-worktree/src/anomaly.rs
FN:111,_RNvMNtCsdYvAweMv4CD_16syslog_generator7anomalyNtB2_7Anomaly9type_name
FN:244,_RNvMs_NtCsdYvAweMv4CD_16syslog_generator7anomalyNtB4_14AnomalyPlanner11should_drop
FN:230,_RNvMs_NtCsdYvAweMv4CD_16syslog_generator7anomalyNtB4_14AnomalyPlanner24combined_rate_multiplier
FN:224,_RNvMs_NtCsdYvAweMv4CD_16syslog_generator7anomalyNtB4_14AnomalyPlanner3new
FN:134,_RNvNtCsdYvAweMv4CD_16syslog_generator7anomaly15rate_multiplier
FN:185,_RNvNtCsdYvAweMv4CD_16syslog_generator7anomaly18should_drop_packet
FN:258,_RNvNtNtCs3I23rWd8G42_16syslog_generator7anomaly5tests6approx
FN:281,_RNvNtNtCs3I23rWd8G42_16syslog_generator7anomaly5testss_20slow_drip_round_trip
FN:591,_RNvNtNtCs3I23rWd8G42_16syslog_generator7anomaly5testss_21planner_drop_or_logic
FN:308,_RNvNtNtCs3I23rWd8G42_16syslog_generator7anomaly5testss_21unknown_kind_rejected
FN:349,_RNvNtNtCs3I23rWd8G42_16syslog_generator7anomaly5testss_22burst_active_in_window
FN:301,_RNvNtNtCs3I23rWd8G42_16syslog_generator7anomaly5testss_22json_tagged_round_trip
FN:294,_RNvNtNtCs3I23rWd8G42_16syslog_generator7anomaly5testss_22packet_loss_round_trip
FN:396,_RNvNtNtCs3I23rWd8G42_16syslog_generator7anomaly5testss_23slow_drip_only_at_start
FN:265,_RNvNtNtCs3I23rWd8G42_16syslog_generator7anomaly5testss_26burst_injection_round_trip
FN:513,_RNvNtNtCs3I23rWd8G42_16syslog_generator7anomaly5testss_27non_packet_loss_never_drops
FN:437,_RNvNtNtCs3I23rWd8G42_16syslog_generator7anomaly5testss_28packet_loss_zero_never_drops
FN:492,_RNvNtNtCs3I23rWd8G42_16syslog_generator7anomaly5testss_31packet_loss_no_seed_still_drops
FN:428,_RNvNtNtCs3I23rWd8G42_16syslog_generator7anomaly5testss_32packet_loss_does_not_affect_rate
FN:445,_RNvNtNtCs3I23rWd8G42_16syslog_generator7anomaly5testss_32packet_loss_hundred_always_drops
FN:376,_RNvNtNtCs3I23rWd8G42_16syslog_generator7anomaly5testss_34burst_invalid_interval_returns_one
FN:455,_RNvNtNtCs3I23rWd8G42_16syslog_generator7anomaly5testss_34packet_loss_deterministic_for_seed
FN:574,_RNvNtNtCs3I23rWd8G42_16syslog_generator7anomaly5testss_35planner_drop_first_packet_loss_wins
FN:408,_RNvNtNtCs3I23rWd8G42_16syslog_generator7anomaly5testss_35slow_drip_zero_duration_returns_one
FN:417,_RNvNtNtCs3I23rWd8G42_16syslog_generator7anomaly5testss_36slow_drip_divisor_le_one_returns_one
FN:386,_RNvNtNtCs3I23rWd8G42_16syslog_generator7anomaly5testss_37burst_negative_multiplier_returns_one
FN:532,_RNvNtNtCs3I23rWd8G42_16syslog_generator7anomaly5testss_37planner_empty_returns_one_and_no_drop
FN:539,_RNvNtNtCs3I23rWd8G42_16syslog_generator7anomaly5testss_37planner_multiplies_active_multipliers
FN:364,_RNvNtNtCs3I23rWd8G42_16syslog_generator7anomaly5testss_38burst_with_full_coverage_always_active
FN:476,_RNvNtNtCs3I23rWd8G42_16syslog_generator7anomaly5testss_54packet_loss_different_seeds_produce_different_patterns
FN:315,_RNvNtNtCs3I23rWd8G42_16syslog_generator7anomaly5testss_9type_name
FN:111,_RNvMNtCs3I23rWd8G42_16syslog_generator7anomalyNtB2_7Anomaly9type_name
FN:244,_RNvMs_NtCs3I23rWd8G42_16syslog_generator7anomalyNtB4_14AnomalyPlanner11should_drop
FN:230,_RNvMs_NtCs3I23rWd8G42_16syslog_generator7anomalyNtB4_14AnomalyPlanner24combined_rate_multiplier
FN:224,_RNvMs_NtCs3I23rWd8G42_16syslog_generator7anomalyNtB4_14AnomalyPlanner3new
FN:134,_RNvNtCs3I23rWd8G42_16syslog_generator7anomaly15rate_multiplier
FN:185,_RNvNtCs3I23rWd8G42_16syslog_generator7anomaly18should_drop_packet
FNDA:1198,_RNvMNtCsdYvAweMv4CD_16syslog_generator7anomalyNtB2_7Anomaly9type_name
FNDA:3104,_RNvMs_NtCsdYvAweMv4CD_16syslog_generator7anomalyNtB4_14AnomalyPlanner11should_drop
FNDA:3104,_RNvMs_NtCsdYvAweMv4CD_16syslog_generator7anomalyNtB4_14AnomalyPlanner24combined_rate_multiplier
FNDA:25,_RNvMs_NtCsdYvAweMv4CD_16syslog_generator7anomalyNtB4_14AnomalyPlanner3new
FNDA:5074,_RNvNtCsdYvAweMv4CD_16syslog_generator7anomaly15rate_multiplier
FNDA:2537,_RNvNtCsdYvAweMv4CD_16syslog_generator7anomaly18should_drop_packet
FNDA:25,_RNvNtNtCs3I23rWd8G42_16syslog_generator7anomaly5tests6approx
FNDA:1,_RNvNtNtCs3I23rWd8G42_16syslog_generator7anomaly5testss_20slow_drip_round_trip
FNDA:1,_RNvNtNtCs3I23rWd8G42_16syslog_generator7anomaly5testss_21planner_drop_or_logic
FNDA:1,_RNvNtNtCs3I23rWd8G42_16syslog_generator7anomaly5testss_21unknown_kind_rejected
FNDA:1,_RNvNtNtCs3I23rWd8G42_16syslog_generator7anomaly5testss_22burst_active_in_window
FNDA:1,_RNvNtNtCs3I23rWd8G42_16syslog_generator7anomaly5testss_22json_tagged_round_trip
FNDA:1,_RNvNtNtCs3I23rWd8G42_16syslog_generator7anomaly5testss_22packet_loss_round_trip
FNDA:1,_RNvNtNtCs3I23rWd8G42_16syslog_generator7anomaly5testss_23slow_drip_only_at_start
FNDA:1,_RNvNtNtCs3I23rWd8G42_16syslog_generator7anomaly5testss_26burst_injection_round_trip
FNDA:1,_RNvNtNtCs3I23rWd8G42_16syslog_generator7anomaly5testss_27non_packet_loss_never_drops
FNDA:1,_RNvNtNtCs3I23rWd8G42_16syslog_generator7anomaly5testss_28packet_loss_zero_never_drops
FNDA:1,_RNvNtNtCs3I23rWd8G42_16syslog_generator7anomaly5testss_31packet_loss_no_seed_still_drops
FNDA:1,_RNvNtNtCs3I23rWd8G42_16syslog_generator7anomaly5testss_32packet_loss_does_not_affect_rate
FNDA:1,_RNvNtNtCs3I23rWd8G42_16syslog_generator7anomaly5testss_32packet_loss_hundred_always_drops
FNDA:1,_RNvNtNtCs3I23rWd8G42_16syslog_generator7anomaly5testss_34burst_invalid_interval_returns_one
FNDA:1,_RNvNtNtCs3I23rWd8G42_16syslog_generator7anomaly5testss_34packet_loss_deterministic_for_seed
FNDA:1,_RNvNtNtCs3I23rWd8G42_16syslog_generator7anomaly5testss_35planner_drop_first_packet_loss_wins
FNDA:1,_RNvNtNtCs3I23rWd8G42_16syslog_generator7anomaly5testss_35slow_drip_zero_duration_returns_one
FNDA:1,_RNvNtNtCs3I23rWd8G42_16syslog_generator7anomaly5testss_36slow_drip_divisor_le_one_returns_one
FNDA:1,_RNvNtNtCs3I23rWd8G42_16syslog_generator7anomaly5testss_37burst_negative_multiplier_returns_one
FNDA:1,_RNvNtNtCs3I23rWd8G42_16syslog_generator7anomaly5testss_37planner_empty_returns_one_and_no_drop
FNDA:1,_RNvNtNtCs3I23rWd8G42_16syslog_generator7anomaly5testss_37planner_multiplies_active_multipliers
FNDA:1,_RNvNtNtCs3I23rWd8G42_16syslog_generator7anomaly5testss_38burst_with_full_coverage_always_active
FNDA:1,_RNvNtNtCs3I23rWd8G42_16syslog_generator7anomaly5testss_54packet_loss_different_seeds_produce_different_patterns
FNDA:1,_RNvNtNtCs3I23rWd8G42_16syslog_generator7anomaly5testss_9type_name
FNDA:3,_RNvMNtCs3I23rWd8G42_16syslog_generator7anomalyNtB2_7Anomaly9type_name
FNDA:104,_RNvMs_NtCs3I23rWd8G42_16syslog_generator7anomalyNtB4_14AnomalyPlanner11should_drop
FNDA:8,_RNvMs_NtCs3I23rWd8G42_16syslog_generator7anomalyNtB4_14AnomalyPlanner24combined_rate_multiplier
FNDA:6,_RNvMs_NtCs3I23rWd8G42_16syslog_generator7anomalyNtB4_14AnomalyPlanner3new
FNDA:29,_RNvNtCs3I23rWd8G42_16syslog_generator7anomaly15rate_multiplier
FNDA:9751,_RNvNtCs3I23rWd8G42_16syslog_generator7anomaly18should_drop_packet
FNF:31
FNH:31
DA:111,1201
DA:112,1201
DA:113,800
DA:114,21
DA:115,380
DA:117,1201
DA:134,5103
DA:135,5103
DA:137,1870
DA:138,1870
DA:139,1870
DA:141,1870
DA:142,1
DA:143,1869
DA:144,1869
DA:145,0
DA:146,1869
DA:147,1869
DA:148,1
DA:149,1868
DA:150,1868
DA:151,1868
DA:152,1607
DA:154,261
DA:158,231
DA:159,231
DA:161,231
DA:162,1
DA:163,230
DA:164,230
DA:165,1
DA:166,229
DA:167,229
DA:168,44
DA:170,185
DA:173,3002
DA:175,5103
DA:185,12288
DA:186,12288
DA:187,11051
DA:188,0
DA:189,11051
DA:190,11051
DA:191,250
DA:192,10801
DA:193,10801
DA:194,301
DA:195,10500
DA:196,10500
DA:197,10500
DA:198,10500
DA:199,10500
DA:201,1237
DA:203,12288
DA:224,31
DA:225,31
DA:226,31
DA:230,3112
DA:231,3112
DA:232,1070
DA:233,2042
DA:234,2042
DA:235,2547
DA:236,2547
DA:237,2547
DA:238,2042
DA:239,3112
DA:244,3208
DA:245,3208
DA:246,2688
DA:247,480
DA:248,2208
DA:250,2728
DA:251,3208
DA:258,25
DA:259,25
DA:260,25
DA:265,1
DA:266,1
DA:267,1
DA:268,1
DA:276,1
DA:277,1
DA:278,1
DA:281,1
DA:282,1
DA:283,1
DA:284,1
DA:291,1
DA:294,1
DA:295,1
DA:296,1
DA:297,1
DA:298,1
DA:301,1
DA:302,1
DA:303,1
DA:304,1
DA:305,1
DA:308,1
DA:309,1
DA:310,1
DA:311,1
DA:312,1
DA:315,1
DA:316,1
DA:317,1
DA:318,1
DA:319,1
DA:320,1
DA:321,1
DA:322,1
DA:323,1
DA:324,1
DA:327,1
DA:328,1
DA:329,1
DA:330,1
DA:331,1
DA:332,1
DA:333,1
DA:334,1
DA:337,1
DA:338,1
DA:339,1
DA:340,1
DA:341,1
DA:344,1
DA:349,1
DA:350,1
DA:351,1
DA:352,1
DA:353,1
DA:354,1
DA:355,1
DA:356,1
DA:357,1
DA:358,1
DA:359,1
DA:360,1
DA:361,1
DA:364,1
DA:365,1
DA:366,1
DA:367,1
DA:368,1
DA:369,1
DA:370,1
DA:371,1
DA:372,1
DA:373,1
DA:376,1
DA:377,1
DA:378,1
DA:379,1
DA:380,1
DA:381,1
DA:382,1
DA:383,1
DA:386,1
DA:387,1
DA:388,1
DA:389,1
DA:390,1
DA:391,1
DA:392,1
DA:393,1
DA:396,1
DA:397,1
DA:398,1
DA:399,1
DA:400,1
DA:401,1
DA:402,1
DA:403,1
DA:404,1
DA:405,1
DA:408,1
DA:409,1
DA:410,1
DA:411,1
DA:412,1
DA:413,1
DA:414,1
DA:417,1
DA:420,1
DA:421,1
DA:422,1
DA:423,1
DA:424,1
DA:425,1
DA:428,1
DA:429,1
DA:430,1
DA:431,1
DA:432,1
DA:437,1
DA:438,1
DA:439,200
DA:440,200
DA:442,1
DA:445,1
DA:446,1
DA:447,1
DA:448,1
DA:449,200
DA:450,200
DA:452,1
DA:455,1
DA:456,1
DA:457,1
DA:458,1
DA:459,1000
DA:460,1000
DA:461,507
DA:462,507
DA:463,1000
DA:464,507
DA:465,507
DA:467,1
DA:469,1
DA:470,1
DA:473,1
DA:476,1
DA:477,1
DA:478,1
DA:479,1
DA:480,1000
DA:481,1000
DA:482,322
DA:483,678
DA:484,1000
DA:485,296
DA:486,704
DA:488,1
DA:489,1
DA:492,1
DA:497,1
DA:498,1
DA:499,5000
DA:500,5000
DA:501,2524
DA:502,2524
DA:506,1
DA:507,1
DA:510,1
DA:513,1
DA:514,1
DA:515,1
DA:516,1
DA:517,1
DA:518,1
DA:519,1
DA:520,1
DA:521,1
DA:522,1
DA:523,100
DA:524,100
DA:525,100
DA:527,1
DA:532,1
DA:533,1
DA:534,1
DA:535,1
DA:536,1
DA:539,1
DA:541,1
DA:542,1
DA:543,1
DA:544,1
DA:545,1
DA:546,1
DA:547,1
DA:548,1
DA:549,1
DA:550,1
DA:551,1
DA:552,1
DA:553,1
DA:554,1
DA:556,1
DA:558,1
DA:561,1
DA:564,1
DA:567,1
DA:570,1
DA:571,1
DA:574,1
DA:575,1
DA:576,1
DA:577,1
DA:578,1
DA:579,1
DA:580,1
DA:581,1
DA:582,1
DA:583,1
DA:585,1
DA:587,1
DA:588,1
DA:591,1
DA:593,1
DA:594,1
DA:595,1
DA:596,1
DA:597,1
DA:598,1
DA:599,1
DA:600,1
DA:601,1
DA:603,1
DA:604,50
DA:605,50
DA:609,1
DA:610,1
DA:611,1
DA:612,1
DA:613,1
DA:614,1
DA:615,1
DA:616,1
DA:617,1
DA:619,1
DA:620,50
DA:621,50
DA:623,1
BRF:0
BRH:0
LF:326
LH:324
end_of_record
SF:/private/tmp/pr17a-worktree/src/cli.rs
FN:208,_RNvMNtCsdYvAweMv4CD_16syslog_generator3cliNtB2_4Args12to_overrides
FN:155,_RNvNtCsdYvAweMv4CD_16syslog_generator3cli12parse_target
FN:234,_RNvNtCsdYvAweMv4CD_16syslog_generator3cli15apply_overrides
FN:166,_RNvNtCsdYvAweMv4CD_16syslog_generator3cli27parse_target_with_transport
FN:155,_RNvNtCs3I23rWd8G42_16syslog_generator3cli12parse_target
FN:234,_RNvNtCs3I23rWd8G42_16syslog_generator3cli15apply_overrides
FN:166,_RNvNtCs3I23rWd8G42_16syslog_generator3cli27parse_target_with_transport
FN:492,_RNvNtCs3I23rWd8G42_16syslog_generator3clis_41apply_overrides_no_targets_keeps_existing
FN:208,_RNvMNtCs3I23rWd8G42_16syslog_generator3cliNtB2_4Args12to_overrides
FN:307,_RNvNtNtCs3I23rWd8G42_16syslog_generator3cli5testss_16parse_target_udp
FN:300,_RNvNtNtCs3I23rWd8G42_16syslog_generator3cli5testss_22parse_target_file_path
FN:314,_RNvNtNtCs3I23rWd8G42_16syslog_generator3cli5testss_25parse_target_empty_errors
FN:474,_RNvNtNtCs3I23rWd8G42_16syslog_generator3cli5testss_27v10_7_0_dry_run_flag_parses
FN:425,_RNvNtNtCs3I23rWd8G42_16syslog_generator3cli5testss_29v10_6_0_command_enum_variants
FN:484,_RNvNtNtCs3I23rWd8G42_16syslog_generator3cli5testss_29v10_7_0_dry_run_default_false
FN:344,_RNvNtNtCs3I23rWd8G42_16syslog_generator3cli5testss_32apply_overrides_replaces_targets
FN:356,_RNvNtNtCs3I23rWd8G42_16syslog_generator3cli5testss_34apply_overrides_scalars_all_phases
FN:455,_RNvNtNtCs3I23rWd8G42_16syslog_generator3cli5testss_34v10_6_0_args_parses_man_subcommand
FN:284,_RNvNtNtCs3I23rWd8G42_16syslog_generator3cli5testss_35parse_target_addr_only_defaults_tcp
FN:389,_RNvNtNtCs3I23rWd8G42_16syslog_generator3cli5testss_37apply_overrides_message_creates_phase
FN:463,_RNvNtNtCs3I23rWd8G42_16syslog_generator3cli5testss_37v10_6_0_args_no_subcommand_means_main
FN:319,_RNvNtNtCs3I23rWd8G42_16syslog_generator3cli5testss_38b5_parse_target_with_transport_default
FN:442,_RNvNtNtCs3I23rWd8G42_16syslog_generator3cli5testss_42v10_6_0_args_parses_completions_subcommand
FN:335,_RNvNtNtCs3I23rWd8G42_16syslog_generator3cli5testss_45b5_parse_target_deprecated_with_transport_arg
FN:291,_RNvNtNtCs3I23rWd8G42_16syslog_generator3cli5testss_45parse_target_with_transport_deprecated_format
FN:327,_RNvNtNtCs3I23rWd8G42_16syslog_generator3cli5testss_48b5_parse_target_with_transport_none_defaults_tcp
FN:407,_RNvNtNtCs3I23rWd8G42_16syslog_generator3cli5testss_48v10_6_0_args_has_completions_and_man_subcommands
FN:410,_RNCNvNtNtCs3I23rWd8G42_16syslog_generator3cli5testss_48v10_6_0_args_has_completions_and_man_subcommands0B7_
FNDA:5,_RNvMNtCsdYvAweMv4CD_16syslog_generator3cliNtB2_4Args12to_overrides
FNDA:6,_RNvNtCsdYvAweMv4CD_16syslog_generator3cli12parse_target
FNDA:7,_RNvNtCsdYvAweMv4CD_16syslog_generator3cli15apply_overrides
FNDA:9,_RNvNtCsdYvAweMv4CD_16syslog_generator3cli27parse_target_with_transport
FNDA:7,_RNvNtCs3I23rWd8G42_16syslog_generator3cli12parse_target
FNDA:4,_RNvNtCs3I23rWd8G42_16syslog_generator3cli15apply_overrides
FNDA:10,_RNvNtCs3I23rWd8G42_16syslog_generator3cli27parse_target_with_transport
FNDA:1,_RNvNtCs3I23rWd8G42_16syslog_generator3clis_41apply_overrides_no_targets_keeps_existing
FNDA:0,_RNvMNtCs3I23rWd8G42_16syslog_generator3cliNtB2_4Args12to_overrides
FNDA:1,_RNvNtNtCs3I23rWd8G42_16syslog_generator3cli5testss_16parse_target_udp
FNDA:1,_RNvNtNtCs3I23rWd8G42_16syslog_generator3cli5testss_22parse_target_file_path
FNDA:1,_RNvNtNtCs3I23rWd8G42_16syslog_generator3cli5testss_25parse_target_empty_errors
FNDA:1,_RNvNtNtCs3I23rWd8G42_16syslog_generator3cli5testss_27v10_7_0_dry_run_flag_parses
FNDA:1,_RNvNtNtCs3I23rWd8G42_16syslog_generator3cli5testss_29v10_6_0_command_enum_variants
FNDA:1,_RNvNtNtCs3I23rWd8G42_16syslog_generator3cli5testss_29v10_7_0_dry_run_default_false
FNDA:1,_RNvNtNtCs3I23rWd8G42_16syslog_generator3cli5testss_32apply_overrides_replaces_targets
FNDA:1,_RNvNtNtCs3I23rWd8G42_16syslog_generator3cli5testss_34apply_overrides_scalars_all_phases
FNDA:1,_RNvNtNtCs3I23rWd8G42_16syslog_generator3cli5testss_34v10_6_0_args_parses_man_subcommand
FNDA:1,_RNvNtNtCs3I23rWd8G42_16syslog_generator3cli5testss_35parse_target_addr_only_defaults_tcp
FNDA:1,_RNvNtNtCs3I23rWd8G42_16syslog_generator3cli5testss_37apply_overrides_message_creates_phase
FNDA:1,_RNvNtNtCs3I23rWd8G42_16syslog_generator3cli5testss_37v10_6_0_args_no_subcommand_means_main
FNDA:1,_RNvNtNtCs3I23rWd8G42_16syslog_generator3cli5testss_38b5_parse_target_with_transport_default
FNDA:1,_RNvNtNtCs3I23rWd8G42_16syslog_generator3cli5testss_42v10_6_0_args_parses_completions_subcommand
FNDA:1,_RNvNtNtCs3I23rWd8G42_16syslog_generator3cli5testss_45b5_parse_target_deprecated_with_transport_arg
FNDA:1,_RNvNtNtCs3I23rWd8G42_16syslog_generator3cli5testss_45parse_target_with_transport_deprecated_format
FNDA:1,_RNvNtNtCs3I23rWd8G42_16syslog_generator3cli5testss_48b5_parse_target_with_transport_none_defaults_tcp
FNDA:1,_RNvNtNtCs3I23rWd8G42_16syslog_generator3cli5testss_48v10_6_0_args_has_completions_and_man_subcommands
FNDA:2,_RNCNvNtNtCs3I23rWd8G42_16syslog_generator3cli5testss_48v10_6_0_args_has_completions_and_man_subcommands0B7_
FNF:24
FNH:24
DA:155,13
DA:156,13
DA:157,13
DA:166,19
DA:167,19
DA:168,19
DA:169,19
DA:170,19
DA:171,19
DA:172,1
DA:173,18
DA:174,18
DA:177,18
DA:178,18
DA:179,13
DA:180,0
DA:181,13
DA:182,13
DA:187,13
DA:188,13
DA:189,13
DA:190,13
DA:191,13
DA:192,5
DA:193,0
DA:196,5
DA:197,5
DA:198,5
DA:199,5
DA:200,5
DA:201,19
DA:208,5
DA:209,5
DA:210,5
DA:211,3
DA:213,5
DA:214,5
DA:215,5
DA:216,5
DA:217,5
DA:218,5
DA:219,5
DA:220,5
DA:221,5
DA:222,5
DA:223,5
DA:224,5
DA:234,11
DA:235,11
DA:236,5
DA:237,6
DA:238,11
DA:239,0
DA:240,11
DA:241,11
DA:242,1
DA:243,10
DA:246,11
DA:247,5
DA:248,5
DA:249,5
DA:250,5
DA:251,5
DA:252,6
DA:254,0
DA:255,0
DA:256,0
DA:257,0
DA:258,6
DA:260,11
DA:261,9
DA:262,4
DA:263,5
DA:264,9
DA:265,4
DA:266,5
DA:267,9
DA:268,6
DA:269,6
DA:270,9
DA:271,3
DA:272,6
DA:273,9
DA:274,3
DA:275,6
DA:277,11
DA:284,1
DA:285,1
DA:286,1
DA:287,1
DA:288,1
DA:291,1
DA:294,1
DA:295,1
DA:296,1
DA:297,1
DA:300,1
DA:301,1
DA:302,1
DA:303,1
DA:304,1
DA:307,1
DA:308,1
DA:309,1
DA:310,1
DA:311,1
DA:314,1
DA:315,1
DA:316,1
DA:319,1
DA:321,1
DA:322,1
DA:323,1
DA:324,1
DA:327,1
DA:329,1
DA:330,1
DA:331,1
DA:332,1
DA:335,1
DA:338,1
DA:339,1
DA:340,1
DA:341,1
DA:344,1
DA:345,1
DA:346,1
DA:347,1
DA:348,1
DA:349,1
DA:350,1
DA:351,1
DA:352,1
DA:353,1
DA:356,1
DA:357,1
DA:358,1
DA:359,1
DA:360,1
DA:361,1
DA:362,1
DA:363,1
DA:364,1
DA:365,1
DA:366,1
DA:367,1
DA:368,1
DA:369,1
DA:370,1
DA:371,1
DA:372,1
DA:373,1
DA:374,1
DA:375,1
DA:376,1
DA:377,1
DA:378,1
DA:379,2
DA:380,2
DA:381,2
DA:382,2
DA:383,2
DA:384,2
DA:386,1
DA:389,1
DA:390,1
DA:391,1
DA:392,1
DA:393,1
DA:394,1
DA:395,1
DA:396,1
DA:397,1
DA:398,1
DA:399,1
DA:401,1
DA:407,1
DA:409,1
DA:410,2
DA:411,1
DA:412,1
DA:416,1
DA:417,1
DA:421,1
DA:425,1
DA:428,1
DA:429,1
DA:430,1
DA:431,1
DA:432,1
DA:433,1
DA:434,1
DA:435,1
DA:436,1
DA:437,1
DA:442,1
DA:444,1
DA:445,1
DA:446,1
DA:447,1
DA:449,0
DA:451,1
DA:455,1
DA:457,1
DA:458,1
DA:459,1
DA:463,1
DA:465,1
DA:466,1
DA:467,1
DA:468,1
DA:474,1
DA:476,1
DA:477,1
DA:479,1
DA:480,1
DA:484,1
DA:486,1
DA:487,1
DA:488,1
DA:492,1
DA:493,1
DA:494,1
DA:495,1
DA:496,1
DA:497,1
DA:498,1
DA:499,1
DA:500,1
DA:501,1
BRF:0
BRH:0
LF:231
LH:223
end_of_record
SF:/private/tmp/pr17a-worktree/src/error.rs
FN:152,_RINvMs_NtCsdYvAweMv4CD_16syslog_generator5errorNtB5_11ConfigError18unsupported_formatppEB7_
FN:131,_RINvMs_NtCsdYvAweMv4CD_16syslog_generator5errorNtB5_11ConfigError2iopEB7_
FN:138,_RINvMs_NtCsdYvAweMv4CD_16syslog_generator5errorNtB5_11ConfigError4jsonpEB7_
FN:145,_RINvMs_NtCsdYvAweMv4CD_16syslog_generator5errorNtB5_11ConfigError4yamlpEB7_
FN:92,_RINvMNtCsdYvAweMv4CD_16syslog_generator5errorNtB3_12MetricsError8registerReEB5_
FN:79,_RINvMNtCsdYvAweMv4CD_16syslog_generator5errorNtB3_12MetricsError9constructReEB5_
FN:184,_RNvMs0_NtCsdYvAweMv4CD_16syslog_generator5errorNtB5_10DrainError7timeout
FN:255,_RNvNtNtCs3I23rWd8G42_16syslog_generator5error5testss_28config_error_io_wraps_source
FN:321,_RNvNtNtCs3I23rWd8G42_16syslog_generator5error5testss_28runtime_error_cancelled_text
FN:265,_RNvNtNtCs3I23rWd8G42_16syslog_generator5error5testss_30config_error_json_wraps_source
FN:280,_RNvNtNtCs3I23rWd8G42_16syslog_generator5error5testss_30config_error_yaml_wraps_source
FN:355,_RNvNtNtCs3I23rWd8G42_16syslog_generator5error5testss_31runtime_error_display_snapshots
FN:310,_RNvNtNtCs3I23rWd8G42_16syslog_generator5error5testss_32runtime_error_from_metrics_error
FN:301,_RNvNtNtCs3I23rWd8G42_16syslog_generator5error5testss_33drain_error_timeout_includes_secs
FN:244,_RNvNtNtCs3I23rWd8G42_16syslog_generator5error5testss_34metrics_error_encode_chains_source
FN:234,_RNvNtNtCs3I23rWd8G42_16syslog_generator5error5testss_37metrics_error_register_preserves_name
FN:291,_RNvNtNtCs3I23rWd8G42_16syslog_generator5error5testss_47config_error_unsupported_format_shows_extension
FN:222,_RNvNtNtCs3I23rWd8G42_16syslog_generator5error5testss_47metrics_error_construct_preserves_name_and_kind
FN:342,_RNvNtNtCs3I23rWd8G42_16syslog_generator5error5testss_47question_mark_from_drain_error_to_runtime_error
FN:329,_RNvNtNtCs3I23rWd8G42_16syslog_generator5error5testss_49question_mark_from_metrics_error_to_runtime_error
FN:343,_RNvNvNtNtCs3I23rWd8G42_16syslog_generator5error5testss_47question_mark_from_drain_error_to_runtime_error5inner
FN:330,_RNvNvNtNtCs3I23rWd8G42_16syslog_generator5error5testss_49question_mark_from_metrics_error_to_runtime_error5inner
FN:92,_RINvMNtCs3I23rWd8G42_16syslog_generator5errorNtB3_12MetricsError8registerReEB5_
FN:79,_RINvMNtCs3I23rWd8G42_16syslog_generator5errorNtB3_12MetricsError9constructReEB5_
FN:152,_RINvMs_NtCs3I23rWd8G42_16syslog_generator5errorNtB5_11ConfigError18unsupported_formatReB1l_EB7_
FN:131,_RINvMs_NtCs3I23rWd8G42_16syslog_generator5errorNtB5_11ConfigError2ioReEB7_
FN:138,_RINvMs_NtCs3I23rWd8G42_16syslog_generator5errorNtB5_11ConfigError4jsonReEB7_
FN:145,_RINvMs_NtCs3I23rWd8G42_16syslog_generator5errorNtB5_11ConfigError4yamlReEB7_
FN:184,_RNvMs0_NtCs3I23rWd8G42_16syslog_generator5errorNtB5_10DrainError7timeout
FNDA:0,_RINvMs_NtCsdYvAweMv4CD_16syslog_generator5errorNtB5_11ConfigError18unsupported_formatppEB7_
FNDA:0,_RINvMs_NtCsdYvAweMv4CD_16syslog_generator5errorNtB5_11ConfigError2iopEB7_
FNDA:0,_RINvMs_NtCsdYvAweMv4CD_16syslog_generator5errorNtB5_11ConfigError4jsonpEB7_
FNDA:0,_RINvMs_NtCsdYvAweMv4CD_16syslog_generator5errorNtB5_11ConfigError4yamlpEB7_
FNDA:0,_RINvMNtCsdYvAweMv4CD_16syslog_generator5errorNtB3_12MetricsError8registerReEB5_
FNDA:0,_RINvMNtCsdYvAweMv4CD_16syslog_generator5errorNtB3_12MetricsError9constructReEB5_
FNDA:0,_RNvMs0_NtCsdYvAweMv4CD_16syslog_generator5errorNtB5_10DrainError7timeout
FNDA:1,_RNvNtNtCs3I23rWd8G42_16syslog_generator5error5testss_28config_error_io_wraps_source
FNDA:1,_RNvNtNtCs3I23rWd8G42_16syslog_generator5error5testss_28runtime_error_cancelled_text
FNDA:1,_RNvNtNtCs3I23rWd8G42_16syslog_generator5error5testss_30config_error_json_wraps_source
FNDA:1,_RNvNtNtCs3I23rWd8G42_16syslog_generator5error5testss_30config_error_yaml_wraps_source
FNDA:1,_RNvNtNtCs3I23rWd8G42_16syslog_generator5error5testss_31runtime_error_display_snapshots
FNDA:1,_RNvNtNtCs3I23rWd8G42_16syslog_generator5error5testss_32runtime_error_from_metrics_error
FNDA:1,_RNvNtNtCs3I23rWd8G42_16syslog_generator5error5testss_33drain_error_timeout_includes_secs
FNDA:1,_RNvNtNtCs3I23rWd8G42_16syslog_generator5error5testss_34metrics_error_encode_chains_source
FNDA:1,_RNvNtNtCs3I23rWd8G42_16syslog_generator5error5testss_37metrics_error_register_preserves_name
FNDA:1,_RNvNtNtCs3I23rWd8G42_16syslog_generator5error5testss_47config_error_unsupported_format_shows_extension
FNDA:1,_RNvNtNtCs3I23rWd8G42_16syslog_generator5error5testss_47metrics_error_construct_preserves_name_and_kind
FNDA:1,_RNvNtNtCs3I23rWd8G42_16syslog_generator5error5testss_47question_mark_from_drain_error_to_runtime_error
FNDA:1,_RNvNtNtCs3I23rWd8G42_16syslog_generator5error5testss_49question_mark_from_metrics_error_to_runtime_error
FNDA:1,_RNvNvNtNtCs3I23rWd8G42_16syslog_generator5error5testss_47question_mark_from_drain_error_to_runtime_error5inner
FNDA:1,_RNvNvNtNtCs3I23rWd8G42_16syslog_generator5error5testss_49question_mark_from_metrics_error_to_runtime_error5inner
FNDA:2,_RINvMNtCs3I23rWd8G42_16syslog_generator5errorNtB3_12MetricsError8registerReEB5_
FNDA:3,_RINvMNtCs3I23rWd8G42_16syslog_generator5errorNtB3_12MetricsError9constructReEB5_
FNDA:1,_RINvMs_NtCs3I23rWd8G42_16syslog_generator5errorNtB5_11ConfigError18unsupported_formatReB1l_EB7_
FNDA:1,_RINvMs_NtCs3I23rWd8G42_16syslog_generator5errorNtB5_11ConfigError2ioReEB7_
FNDA:1,_RINvMs_NtCs3I23rWd8G42_16syslog_generator5errorNtB5_11ConfigError4jsonReEB7_
FNDA:1,_RINvMs_NtCs3I23rWd8G42_16syslog_generator5errorNtB5_11ConfigError4yamlReEB7_
FNDA:4,_RNvMs0_NtCs3I23rWd8G42_16syslog_generator5errorNtB5_10DrainError7timeout
FNF:22
FNH:22
DA:79,3
DA:80,3
DA:81,3
DA:82,3
DA:83,3
DA:84,3
DA:85,3
DA:86,3
DA:87,3
DA:88,3
DA:89,3
DA:92,2
DA:93,2
DA:94,2
DA:95,2
DA:96,2
DA:97,2
DA:131,1
DA:132,1
DA:133,1
DA:134,1
DA:135,1
DA:136,1
DA:138,1
DA:139,1
DA:140,1
DA:141,1
DA:142,1
DA:143,1
DA:145,1
DA:146,1
DA:147,1
DA:148,1
DA:149,1
DA:150,1
DA:152,1
DA:153,1
DA:154,1
DA:155,1
DA:156,1
DA:157,1
DA:184,4
DA:185,4
DA:186,4
DA:222,1
DA:224,1
DA:225,1
DA:226,1
DA:227,1
DA:228,1
DA:229,1
DA:230,1
DA:234,1
DA:235,1
DA:236,1
DA:237,1
DA:238,1
DA:239,1
DA:240,1
DA:244,1
DA:245,1
DA:246,1
DA:249,1
DA:250,1
DA:251,1
DA:255,1
DA:256,1
DA:257,1
DA:258,1
DA:259,1
DA:260,1
DA:261,1
DA:265,1
DA:267,1
DA:269,1
DA:270,1
DA:271,1
DA:272,1
DA:273,1
DA:275,1
DA:276,1
DA:280,1
DA:282,1
DA:283,1
DA:284,1
DA:285,1
DA:286,1
DA:287,1
DA:291,1
DA:292,1
DA:293,1
DA:294,1
DA:295,1
DA:296,1
DA:297,1
DA:301,1
DA:302,1
DA:303,1
DA:304,1
DA:305,1
DA:306,1
DA:310,1
DA:311,1
DA:312,1
DA:313,1
DA:314,1
DA:315,1
DA:316,1
DA:317,1
DA:321,1
DA:322,1
DA:323,1
DA:324,1
DA:329,1
DA:330,1
DA:331,1
DA:332,1
DA:333,1
DA:334,1
DA:335,1
DA:336,1
DA:337,1
DA:338,1
DA:342,1
DA:343,1
DA:344,1
DA:345,1
DA:346,1
DA:347,1
DA:348,1
DA:349,1
DA:350,1
DA:355,1
DA:356,1
DA:357,1
DA:360,1
DA:361,1
DA:362,1
DA:363,1
DA:364,1
BRF:0
BRH:0
LF:140
LH:140
end_of_record
SF:/private/tmp/pr17a-worktree/src/format/cef.rs
FN:113,_RNvNtNtCsdYvAweMv4CD_16syslog_generator6format3cef15push_u8_decimalB5_
FN:130,_RNvNtNtCsdYvAweMv4CD_16syslog_generator6format3cef18escape_header_intoB5_
FN:107,_RNvNtNtCsdYvAweMv4CD_16syslog_generator6format3cef20extensions_has_pairsB5_
FN:152,_RNvNtNtCsdYvAweMv4CD_16syslog_generator6format3cef27escape_extension_value_intoB5_
FN:36,_RNvNtNtCsdYvAweMv4CD_16syslog_generator6format3cef5buildB5_
FN:48,_RNCNvNtNtCsdYvAweMv4CD_16syslog_generator6format3cef5build0B7_
FN:49,_RNCNvNtNtCsdYvAweMv4CD_16syslog_generator6format3cef5builds_0B7_
FN:176,_RNvNtNtNtCs3I23rWd8G42_16syslog_generator6format3cef5tests3cfg
FN:189,_RNvNtNtNtCs3I23rWd8G42_16syslog_generator6format3cef5testss_18builds_minimal_cef
FN:196,_RNvNtNtNtCs3I23rWd8G42_16syslog_generator6format3cef5testss_29escapes_pipe_in_header_fields
FN:238,_RNvNtNtNtCs3I23rWd8G42_16syslog_generator6format3cef5testss_33handles_invalid_utf8_msg_as_empty
FN:245,_RNvNtNtNtCs3I23rWd8G42_16syslog_generator6format3cef5testss_34default_severity_is_zero_when_none
FN:207,_RNvNtNtNtCs3I23rWd8G42_16syslog_generator6format3cef5testss_34escapes_backslash_in_header_fields
FN:216,_RNvNtNtNtCs3I23rWd8G42_16syslog_generator6format3cef5testss_36escapes_specials_in_extension_values
FN:254,_RNvNtNtNtCs3I23rWd8G42_16syslog_generator6format3cef5testss_40extensions_sorted_by_key_for_determinism
FN:231,_RNvNtNtNtCs3I23rWd8G42_16syslog_generator6format3cef5testss_49includes_msg_extension_even_with_empty_extensions
FN:113,_RNvNtNtCs3I23rWd8G42_16syslog_generator6format3cef15push_u8_decimalB5_
FN:130,_RNvNtNtCs3I23rWd8G42_16syslog_generator6format3cef18escape_header_intoB5_
FN:107,_RNvNtNtCs3I23rWd8G42_16syslog_generator6format3cef20extensions_has_pairsB5_
FN:152,_RNvNtNtCs3I23rWd8G42_16syslog_generator6format3cef27escape_extension_value_intoB5_
FN:36,_RNvNtNtCs3I23rWd8G42_16syslog_generator6format3cef5buildB5_
FN:48,_RNCNvNtNtCs3I23rWd8G42_16syslog_generator6format3cef5build0B7_
FN:49,_RNCNvNtNtCs3I23rWd8G42_16syslog_generator6format3cef5builds_0B7_
FNDA:2,_RNvNtNtCsdYvAweMv4CD_16syslog_generator6format3cef15push_u8_decimalB5_
FNDA:10,_RNvNtNtCsdYvAweMv4CD_16syslog_generator6format3cef18escape_header_intoB5_
FNDA:2,_RNvNtNtCsdYvAweMv4CD_16syslog_generator6format3cef20extensions_has_pairsB5_
FNDA:4,_RNvNtNtCsdYvAweMv4CD_16syslog_generator6format3cef27escape_extension_value_intoB5_
FNDA:2,_RNvNtNtCsdYvAweMv4CD_16syslog_generator6format3cef5buildB5_
FNDA:2,_RNCNvNtNtCsdYvAweMv4CD_16syslog_generator6format3cef5build0B7_
FNDA:2,_RNCNvNtNtCsdYvAweMv4CD_16syslog_generator6format3cef5builds_0B7_
FNDA:8,_RNvNtNtNtCs3I23rWd8G42_16syslog_generator6format3cef5tests3cfg
FNDA:1,_RNvNtNtNtCs3I23rWd8G42_16syslog_generator6format3cef5testss_18builds_minimal_cef
FNDA:1,_RNvNtNtNtCs3I23rWd8G42_16syslog_generator6format3cef5testss_29escapes_pipe_in_header_fields
FNDA:1,_RNvNtNtNtCs3I23rWd8G42_16syslog_generator6format3cef5testss_33handles_invalid_utf8_msg_as_empty
FNDA:1,_RNvNtNtNtCs3I23rWd8G42_16syslog_generator6format3cef5testss_34default_severity_is_zero_when_none
FNDA:1,_RNvNtNtNtCs3I23rWd8G42_16syslog_generator6format3cef5testss_34escapes_backslash_in_header_fields
FNDA:1,_RNvNtNtNtCs3I23rWd8G42_16syslog_generator6format3cef5testss_36escapes_specials_in_extension_values
FNDA:1,_RNvNtNtNtCs3I23rWd8G42_16syslog_generator6format3cef5testss_40extensions_sorted_by_key_for_determinism
FNDA:1,_RNvNtNtNtCs3I23rWd8G42_16syslog_generator6format3cef5testss_49includes_msg_extension_even_with_empty_extensions
FNDA:9,_RNvNtNtCs3I23rWd8G42_16syslog_generator6format3cef15push_u8_decimalB5_
FNDA:45,_RNvNtNtCs3I23rWd8G42_16syslog_generator6format3cef18escape_header_intoB5_
FNDA:9,_RNvNtNtCs3I23rWd8G42_16syslog_generator6format3cef20extensions_has_pairsB5_
FNDA:15,_RNvNtNtCs3I23rWd8G42_16syslog_generator6format3cef27escape_extension_value_intoB5_
FNDA:9,_RNvNtNtCs3I23rWd8G42_16syslog_generator6format3cef5buildB5_
FNDA:6,_RNCNvNtNtCs3I23rWd8G42_16syslog_generator6format3cef5build0B7_
FNDA:6,_RNCNvNtNtCs3I23rWd8G42_16syslog_generator6format3cef5builds_0B7_
FNF:16
FNH:16
DA:36,11
DA:37,11
DA:40,11
DA:41,11
DA:42,11
DA:43,11
DA:44,11
DA:45,11
DA:46,3
DA:47,3
DA:48,8
DA:49,8
DA:51,8
DA:53,11
DA:56,11
DA:57,11
DA:58,11
DA:59,11
DA:60,11
DA:61,11
DA:62,11
DA:63,11
DA:64,11
DA:65,11
DA:67,11
DA:70,11
DA:71,11
DA:72,11
DA:73,11
DA:74,11
DA:75,11
DA:76,11
DA:77,11
DA:78,11
DA:79,11
DA:80,11
DA:81,11
DA:82,11
DA:85,11
DA:86,8
DA:87,8
DA:88,5
DA:89,5
DA:90,8
DA:91,8
DA:92,8
DA:94,8
DA:96,11
DA:97,3
DA:98,8
DA:99,11
DA:100,11
DA:102,11
DA:103,11
DA:107,11
DA:108,8
DA:109,11
DA:113,11
DA:114,11
DA:115,0
DA:116,0
DA:117,0
DA:118,11
DA:119,11
DA:120,0
DA:121,0
DA:122,0
DA:123,11
DA:124,11
DA:125,11
DA:130,55
DA:131,284
DA:132,284
DA:133,1
DA:134,1
DA:135,1
DA:136,1
DA:137,2
DA:138,2
DA:139,2
DA:140,2
DA:141,281
DA:144,55
DA:152,19
DA:153,99
DA:154,99
DA:155,1
DA:156,1
DA:157,1
DA:158,1
DA:159,1
DA:160,1
DA:161,1
DA:162,1
DA:163,2
DA:164,2
DA:165,2
DA:166,2
DA:167,95
DA:170,19
DA:176,8
DA:177,8
DA:178,8
DA:179,8
DA:180,8
DA:181,8
DA:182,8
DA:183,8
DA:184,8
DA:185,8
DA:186,8
DA:189,1
DA:190,1
DA:191,1
DA:192,1
DA:193,1
DA:196,1
DA:197,1
DA:198,1
DA:199,1
DA:200,1
DA:201,1
DA:202,1
DA:203,1
DA:204,1
DA:207,1
DA:208,1
DA:209,1
DA:210,1
DA:211,1
DA:212,1
DA:213,1
DA:216,1
DA:217,1
DA:218,1
DA:219,1
DA:220,1
DA:221,1
DA:222,1
DA:223,1
DA:224,1
DA:225,1
DA:226,1
DA:227,1
DA:228,1
DA:231,1
DA:232,1
DA:233,1
DA:234,1
DA:235,1
DA:238,1
DA:239,1
DA:240,1
DA:241,1
DA:242,1
DA:245,1
DA:246,1
DA:247,1
DA:248,1
DA:249,1
DA:250,1
DA:251,1
DA:254,1
DA:255,1
DA:256,1
DA:257,1
DA:258,1
DA:259,1
DA:260,1
DA:261,1
DA:262,1
DA:263,1
DA:264,1
DA:265,1
DA:266,1
DA:267,1
BRF:0
BRH:0
LF:178
LH:172
end_of_record
SF:/private/tmp/pr17a-worktree/src/format/json_lines.rs
FN:38,_RNvNtNtCsdYvAweMv4CD_16syslog_generator6format10json_lines17severity_to_levelB5_
FN:58,_RNvNtNtCsdYvAweMv4CD_16syslog_generator6format10json_lines23escape_json_string_intoB5_
FN:105,_RNvNtNtCsdYvAweMv4CD_16syslog_generator6format10json_lines5build
FN:173,_RNvNtNtNtCs3I23rWd8G42_16syslog_generator6format10json_lines5tests3hdr
FN:300,_RNvNtNtNtCs3I23rWd8G42_16syslog_generator6format10json_lines5testss_20result_is_valid_json
FN:212,_RNvNtNtNtCs3I23rWd8G42_16syslog_generator6format10json_lines5testss_23severity_maps_correctly
FN:235,_RNvNtNtNtCs3I23rWd8G42_16syslog_generator6format10json_lines5testss_24severity_clamped_above_7
FN:188,_RNvNtNtNtCs3I23rWd8G42_16syslog_generator6format10json_lines5testss_25builds_minimal_json_lines
FN:246,_RNvNtNtNtCs3I23rWd8G42_16syslog_generator6format10json_lines5testss_26extra_fields_added_to_root
FN:206,_RNvNtNtNtCs3I23rWd8G42_16syslog_generator6format10json_lines5testss_27trailing_newline_is_present
FN:267,_RNvNtNtNtCs3I23rWd8G42_16syslog_generator6format10json_lines5testss_28json_escapes_specials_in_msg
FN:288,_RNvNtNtNtCs3I23rWd8G42_16syslog_generator6format10json_lines5testss_29nilvalue_procid_msgid_omitted
FN:257,_RNvNtNtNtCs3I23rWd8G42_16syslog_generator6format10json_lines5testss_34user_extra_overrides_autogenerated
FN:279,_RNvNtNtNtCs3I23rWd8G42_16syslog_generator6format10json_lines5testss_47invalid_utf8_msg_replaced_with_replacement_char
FN:38,_RNvNtNtCs3I23rWd8G42_16syslog_generator6format10json_lines17severity_to_levelB5_
FN:58,_RNvNtNtCs3I23rWd8G42_16syslog_generator6format10json_lines23escape_json_string_intoB5_
FN:105,_RNvNtNtCs3I23rWd8G42_16syslog_generator6format10json_lines5build
FNDA:1,_RNvNtNtCsdYvAweMv4CD_16syslog_generator6format10json_lines17severity_to_levelB5_
FNDA:14,_RNvNtNtCsdYvAweMv4CD_16syslog_generator6format10json_lines23escape_json_string_intoB5_
FNDA:1,_RNvNtNtCsdYvAweMv4CD_16syslog_generator6format10json_lines5build
FNDA:17,_RNvNtNtNtCs3I23rWd8G42_16syslog_generator6format10json_lines5tests3hdr
FNDA:1,_RNvNtNtNtCs3I23rWd8G42_16syslog_generator6format10json_lines5testss_20result_is_valid_json
FNDA:1,_RNvNtNtNtCs3I23rWd8G42_16syslog_generator6format10json_lines5testss_23severity_maps_correctly
FNDA:1,_RNvNtNtNtCs3I23rWd8G42_16syslog_generator6format10json_lines5testss_24severity_clamped_above_7
FNDA:1,_RNvNtNtNtCs3I23rWd8G42_16syslog_generator6format10json_lines5testss_25builds_minimal_json_lines
FNDA:1,_RNvNtNtNtCs3I23rWd8G42_16syslog_generator6format10json_lines5testss_26extra_fields_added_to_root
FNDA:1,_RNvNtNtNtCs3I23rWd8G42_16syslog_generator6format10json_lines5testss_27trailing_newline_is_present
FNDA:1,_RNvNtNtNtCs3I23rWd8G42_16syslog_generator6format10json_lines5testss_28json_escapes_specials_in_msg
FNDA:1,_RNvNtNtNtCs3I23rWd8G42_16syslog_generator6format10json_lines5testss_29nilvalue_procid_msgid_omitted
FNDA:1,_RNvNtNtNtCs3I23rWd8G42_16syslog_generator6format10json_lines5testss_34user_extra_overrides_autogenerated
FNDA:1,_RNvNtNtNtCs3I23rWd8G42_16syslog_generator6format10json_lines5testss_47invalid_utf8_msg_replaced_with_replacement_char
FNDA:18,_RNvNtNtCs3I23rWd8G42_16syslog_generator6format10json_lines17severity_to_levelB5_
FNDA:290,_RNvNtNtCs3I23rWd8G42_16syslog_generator6format10json_lines23escape_json_string_intoB5_
FNDA:18,_RNvNtNtCs3I23rWd8G42_16syslog_generator6format10json_lines5build
FNF:14
FNH:14
DA:38,19
DA:39,19
DA:40,1
DA:41,1
DA:42,1
DA:43,1
DA:44,1
DA:45,1
DA:46,11
DA:47,2
DA:48,0
DA:50,19
DA:58,304
DA:59,304
DA:60,304
DA:61,1657
DA:62,1657
DA:63,1
DA:64,1
DA:65,0
DA:66,0
DA:67,1
DA:68,0
DA:69,0
DA:71,1654
DA:72,0
DA:74,1654
DA:78,3
DA:79,3
DA:80,3
DA:81,3
DA:82,3
DA:84,0
DA:85,0
DA:87,0
DA:88,0
DA:91,3
DA:93,304
DA:94,292
DA:95,292
DA:96,304
DA:97,304
DA:105,19
DA:106,19
DA:107,19
DA:108,19
DA:109,19
DA:112,19
DA:114,19
DA:115,19
DA:117,0
DA:119,19
DA:120,19
DA:121,19
DA:122,19
DA:124,19
DA:125,19
DA:126,19
DA:129,19
DA:130,19
DA:131,19
DA:132,17
DA:133,17
DA:134,19
DA:135,17
DA:136,17
DA:138,19
DA:139,19
DA:143,19
DA:144,5
DA:145,5
DA:146,5
DA:147,15
DA:152,19
DA:153,19
DA:154,19
DA:155,152
DA:156,152
DA:157,133
DA:158,133
DA:159,152
DA:160,152
DA:161,152
DA:162,152
DA:164,19
DA:165,19
DA:166,19
DA:167,19
DA:173,17
DA:174,17
DA:175,17
DA:176,17
DA:177,17
DA:178,17
DA:179,17
DA:180,17
DA:181,17
DA:182,17
DA:183,17
DA:184,17
DA:185,17
DA:188,1
DA:189,1
DA:190,1
DA:193,1
DA:194,1
DA:195,1
DA:196,1
DA:197,1
DA:198,1
DA:199,1
DA:200,1
DA:202,1
DA:203,1
DA:206,1
DA:207,1
DA:208,1
DA:209,1
DA:212,1
DA:213,8
DA:214,1
DA:215,1
DA:216,1
DA:217,1
DA:218,1
DA:219,1
DA:220,1
DA:221,1
DA:222,1
DA:223,8
DA:224,8
DA:225,8
DA:226,8
DA:227,8
DA:228,8
DA:232,1
DA:235,1
DA:237,1
DA:238,1
DA:239,1
DA:240,1
DA:242,1
DA:243,1
DA:246,1
DA:247,1
DA:248,1
DA:249,1
DA:250,1
DA:251,1
DA:252,1
DA:253,1
DA:254,1
DA:257,1
DA:258,1
DA:259,1
DA:260,1
DA:261,1
DA:262,1
DA:263,1
DA:264,1
DA:267,1
DA:270,1
DA:271,1
DA:275,1
DA:276,1
DA:279,1
DA:280,1
DA:281,1
DA:284,1
DA:285,1
DA:288,1
DA:289,1
DA:290,1
DA:291,1
DA:292,1
DA:293,1
DA:295,1
DA:296,1
DA:297,1
DA:300,1
DA:301,1
DA:303,1
DA:304,1
DA:305,1
DA:306,1
DA:307,1
DA:308,1
BRF:0
BRH:0
LF:187
LH:176
end_of_record
SF:/private/tmp/pr17a-worktree/src/format/leef.rs
FN:67,_RNvNtNtCsdYvAweMv4CD_16syslog_generator6format4leef13escape_header
FN:87,_RNvNtNtCsdYvAweMv4CD_16syslog_generator6format4leef17escape_attr_value
FN:29,_RNvNtNtCsdYvAweMv4CD_16syslog_generator6format4leef5build
FN:117,_RNvNtNtNtCs3I23rWd8G42_16syslog_generator6format4leef5tests3cfg
FN:128,_RNvNtNtNtCs3I23rWd8G42_16syslog_generator6format4leef5testss_19builds_minimal_leef
FN:135,_RNvNtNtNtCs3I23rWd8G42_16syslog_generator6format4leef5testss_29escapes_pipe_in_header_fields
FN:192,_RNvNtNtNtCs3I23rWd8G42_16syslog_generator6format4leef5testss_33attributes_sorted_for_determinism
FN:146,_RNvNtNtNtCs3I23rWd8G42_16syslog_generator6format4leef5testss_34escapes_backslash_in_header_fields
FN:155,_RNvNtNtNtCs3I23rWd8G42_16syslog_generator6format4leef5testss_36escapes_specials_in_attribute_values
FN:186,_RNvNtNtNtCs3I23rWd8G42_16syslog_generator6format4leef5testss_37message_trailing_newline_is_mandatory
FN:174,_RNvNtNtNtCs3I23rWd8G42_16syslog_generator6format4leef5testss_43escapes_tab_and_newline_in_attribute_values
FN:67,_RNvNtNtCs3I23rWd8G42_16syslog_generator6format4leef13escape_header
FN:87,_RNvNtNtCs3I23rWd8G42_16syslog_generator6format4leef17escape_attr_value
FN:29,_RNvNtNtCs3I23rWd8G42_16syslog_generator6format4leef5build
FNDA:4,_RNvNtNtCsdYvAweMv4CD_16syslog_generator6format4leef13escape_header
FNDA:1,_RNvNtNtCsdYvAweMv4CD_16syslog_generator6format4leef17escape_attr_value
FNDA:1,_RNvNtNtCsdYvAweMv4CD_16syslog_generator6format4leef5build
FNDA:7,_RNvNtNtNtCs3I23rWd8G42_16syslog_generator6format4leef5tests3cfg
FNDA:1,_RNvNtNtNtCs3I23rWd8G42_16syslog_generator6format4leef5testss_19builds_minimal_leef
FNDA:1,_RNvNtNtNtCs3I23rWd8G42_16syslog_generator6format4leef5testss_29escapes_pipe_in_header_fields
FNDA:1,_RNvNtNtNtCs3I23rWd8G42_16syslog_generator6format4leef5testss_33attributes_sorted_for_determinism
FNDA:1,_RNvNtNtNtCs3I23rWd8G42_16syslog_generator6format4leef5testss_34escapes_backslash_in_header_fields
FNDA:1,_RNvNtNtNtCs3I23rWd8G42_16syslog_generator6format4leef5testss_36escapes_specials_in_attribute_values
FNDA:1,_RNvNtNtNtCs3I23rWd8G42_16syslog_generator6format4leef5testss_37message_trailing_newline_is_mandatory
FNDA:1,_RNvNtNtNtCs3I23rWd8G42_16syslog_generator6format4leef5testss_43escapes_tab_and_newline_in_attribute_values
FNDA:32,_RNvNtNtCs3I23rWd8G42_16syslog_generator6format4leef13escape_header
FNDA:15,_RNvNtNtCs3I23rWd8G42_16syslog_generator6format4leef17escape_attr_value
FNDA:8,_RNvNtNtCs3I23rWd8G42_16syslog_generator6format4leef5build
FNF:11
FNH:11
DA:29,9
DA:30,9
DA:32,9
DA:33,9
DA:34,9
DA:35,9
DA:39,9
DA:40,9
DA:41,7
DA:42,7
DA:43,4
DA:44,4
DA:45,7
DA:46,7
DA:47,7
DA:49,6
DA:51,9
DA:52,3
DA:53,6
DA:54,9
DA:55,9
DA:58,9
DA:59,9
DA:60,9
DA:61,9
DA:62,9
DA:63,9
DA:64,9
DA:67,36
DA:68,36
DA:69,196
DA:70,196
DA:71,1
DA:72,1
DA:73,1
DA:74,1
DA:75,2
DA:76,2
DA:77,2
DA:78,2
DA:79,193
DA:82,36
DA:83,36
DA:87,16
DA:88,16
DA:89,80
DA:90,80
DA:91,1
DA:92,1
DA:93,1
DA:94,1
DA:95,1
DA:96,1
DA:97,1
DA:98,1
DA:99,1
DA:100,1
DA:101,1
DA:102,1
DA:103,1
DA:104,1
DA:105,1
DA:106,1
DA:107,76
DA:110,16
DA:111,16
DA:117,7
DA:118,7
DA:119,7
DA:120,7
DA:121,7
DA:122,7
DA:123,7
DA:124,7
DA:125,7
DA:128,1
DA:129,1
DA:130,1
DA:131,1
DA:132,1
DA:135,1
DA:136,1
DA:137,1
DA:138,1
DA:139,1
DA:140,1
DA:141,1
DA:142,1
DA:143,1
DA:146,1
DA:147,1
DA:148,1
DA:149,1
DA:150,1
DA:151,1
DA:152,1
DA:155,1
DA:156,1
DA:157,1
DA:158,1
DA:159,1
DA:160,1
DA:161,1
DA:162,1
DA:163,1
DA:165,1
DA:166,1
DA:168,1
DA:170,1
DA:171,1
DA:174,1
DA:175,1
DA:176,1
DA:177,1
DA:178,1
DA:179,1
DA:180,1
DA:182,1
DA:183,1
DA:186,1
DA:187,1
DA:188,1
DA:189,1
DA:192,1
DA:193,1
DA:194,1
DA:195,1
DA:196,1
DA:197,1
DA:198,1
DA:199,1
DA:200,1
DA:201,1
DA:202,1
DA:203,1
DA:204,1
DA:205,1
BRF:0
BRH:0
LF:137
LH:137
end_of_record
SF:/private/tmp/pr17a-worktree/src/format/mod.rs
FN:93,_RNvNtCsdYvAweMv4CD_16syslog_generator6format17rfc5424_timestamp
FN:101,_RNvNtCsdYvAweMv4CD_16syslog_generator6format20rfc5424_timestamp_at
FN:78,_RNCNvNtCsdYvAweMv4CD_16syslog_generator6format15sanitize_header0B5_
FN:211,_RNCNvXNtCsdYvAweMv4CD_16syslog_generator6formatNtB4_10FormatKindNtB4_6Format6render0B6_
FN:255,_RNvMs0_NtCsdYvAweMv4CD_16syslog_generator6formatNtB5_10FormatKind5parse
FN:279,_RNvNtCsdYvAweMv4CD_16syslog_generator6format13build_rfc3164
FN:275,_RNvNtCsdYvAweMv4CD_16syslog_generator6format13build_rfc5424
FN:107,_RNvNtCsdYvAweMv4CD_16syslog_generator6format15escape_sd_value
FN:283,_RNvNtCsdYvAweMv4CD_16syslog_generator6format9build_raw
FN:195,_RNvXNtCsdYvAweMv4CD_16syslog_generator6formatNtB2_10FormatKindNtB2_6Format6render
FN:238,_RNvXs_NtCsdYvAweMv4CD_16syslog_generator6formatNtB4_10FormatKindNtNtCsl8K0bEFm1U0_4core3fmt7Display3fmt
FN:72,_RNvNtCsdYvAweMv4CD_16syslog_generator6format15sanitize_header
FN:60,_RNvNtCsdYvAweMv4CD_16syslog_generator6format6prival
FN:78,_RNCNvNtCs3I23rWd8G42_16syslog_generator6format15sanitize_header0B5_
FN:211,_RNCNvXNtCs3I23rWd8G42_16syslog_generator6formatNtB4_10FormatKindNtB4_6Format6render0B6_
FN:60,_RNvNtCs3I23rWd8G42_16syslog_generator6format6prival
FN:398,_RNvNtNtCs3I23rWd8G42_16syslog_generator6format5tests9hdr_basic
FN:361,_RNvNtNtCs3I23rWd8G42_16syslog_generator6format5testss_19n10_formatkind_name
FN:373,_RNvNtNtCs3I23rWd8G42_16syslog_generator6format5testss_20n10_formatkind_parse
FN:297,_RNvNtNtCs3I23rWd8G42_16syslog_generator6format5testss_22prival_formula_correct
FN:451,_RNvNtNtCs3I23rWd8G42_16syslog_generator6format5testss_31phase6_build_raw_is_passthrough
FN:337,_RNvNtNtCs3I23rWd8G42_16syslog_generator6format5testss_33n10_formatkind_raw_is_passthrough
FN:311,_RNvNtNtCs3I23rWd8G42_16syslog_generator6format5testss_36n10_formatkind_rfc5424_renders_valid
FN:415,_RNvNtNtCs3I23rWd8G42_16syslog_generator6format5testss_36phase6_escape_sd_value_special_chars
FN:441,_RNvNtNtCs3I23rWd8G42_16syslog_generator6format5testss_41phase6_build_rfc3164_helper_matches_inner
FN:429,_RNvNtNtCs3I23rWd8G42_16syslog_generator6format5testss_41phase6_build_rfc5424_helper_matches_inner
FN:595,_RNvNtNtCs3I23rWd8G42_16syslog_generator6format5testss_41phase6_formatkind_json_lines_renders_json
FN:462,_RNvNtNtCs3I23rWd8G42_16syslog_generator6format5testss_45phase6_formatkind_protobuf_none_renders_empty
FN:505,_RNvNtNtCs3I23rWd8G42_16syslog_generator6format5testss_48phase6_formatkind_cef_none_ctx_falls_back_to_raw
FN:521,_RNvNtNtCs3I23rWd8G42_16syslog_generator6format5testss_49phase6_formatkind_cef_some_ctx_renders_cef_format
FN:551,_RNvNtNtCs3I23rWd8G42_16syslog_generator6format5testss_49phase6_formatkind_leef_none_ctx_falls_back_to_raw
FN:567,_RNvNtNtCs3I23rWd8G42_16syslog_generator6format5testss_51phase6_formatkind_leef_some_ctx_renders_leef_format
FN:478,_RNvNtNtCs3I23rWd8G42_16syslog_generator6format5testss_51phase6_formatkind_protobuf_some_renders_wire_format
FN:101,_RNvNtCs3I23rWd8G42_16syslog_generator6format20rfc5424_timestamp_at
FN:255,_RNvMs0_NtCs3I23rWd8G42_16syslog_generator6formatNtB5_10FormatKind5parse
FN:279,_RNvNtCs3I23rWd8G42_16syslog_generator6format13build_rfc3164
FN:275,_RNvNtCs3I23rWd8G42_16syslog_generator6format13build_rfc5424
FN:107,_RNvNtCs3I23rWd8G42_16syslog_generator6format15escape_sd_value
FN:283,_RNvNtCs3I23rWd8G42_16syslog_generator6format9build_raw
FN:195,_RNvXNtCs3I23rWd8G42_16syslog_generator6formatNtB2_10FormatKindNtB2_6Format6render
FN:238,_RNvXs_NtCs3I23rWd8G42_16syslog_generator6formatNtB4_10FormatKindNtNtCsl8K0bEFm1U0_4core3fmt7Display3fmt
FN:72,_RNvNtCs3I23rWd8G42_16syslog_generator6format15sanitize_header
FN:93,_RNvNtCs3I23rWd8G42_16syslog_generator6format17rfc5424_timestamp
FNDA:5,_RNvNtCsdYvAweMv4CD_16syslog_generator6format17rfc5424_timestamp
FNDA:3109,_RNvNtCsdYvAweMv4CD_16syslog_generator6format20rfc5424_timestamp_at
FNDA:11231,_RNCNvNtCsdYvAweMv4CD_16syslog_generator6format15sanitize_header0B5_
FNDA:0,_RNCNvXNtCsdYvAweMv4CD_16syslog_generator6formatNtB4_10FormatKindNtB4_6Format6render0B6_
FNDA:3571,_RNvMs0_NtCsdYvAweMv4CD_16syslog_generator6formatNtB5_10FormatKind5parse
FNDA:0,_RNvNtCsdYvAweMv4CD_16syslog_generator6format13build_rfc3164
FNDA:0,_RNvNtCsdYvAweMv4CD_16syslog_generator6format13build_rfc5424
FNDA:0,_RNvNtCsdYvAweMv4CD_16syslog_generator6format15escape_sd_value
FNDA:0,_RNvNtCsdYvAweMv4CD_16syslog_generator6format9build_raw
FNDA:6650,_RNvXNtCsdYvAweMv4CD_16syslog_generator6formatNtB2_10FormatKindNtB2_6Format6render
FNDA:0,_RNvXs_NtCsdYvAweMv4CD_16syslog_generator6formatNtB4_10FormatKindNtNtCsl8K0bEFm1U0_4core3fmt7Display3fmt
FNDA:1607,_RNvNtCsdYvAweMv4CD_16syslog_generator6format15sanitize_header
FNDA:402,_RNvNtCsdYvAweMv4CD_16syslog_generator6format6prival
FNDA:347,_RNCNvNtCs3I23rWd8G42_16syslog_generator6format15sanitize_header0B5_
FNDA:8,_RNCNvXNtCs3I23rWd8G42_16syslog_generator6formatNtB4_10FormatKindNtB4_6Format6render0B6_
FNDA:29,_RNvNtCs3I23rWd8G42_16syslog_generator6format6prival
FNDA:10,_RNvNtNtCs3I23rWd8G42_16syslog_generator6format5tests9hdr_basic
FNDA:1,_RNvNtNtCs3I23rWd8G42_16syslog_generator6format5testss_19n10_formatkind_name
FNDA:1,_RNvNtNtCs3I23rWd8G42_16syslog_generator6format5testss_20n10_formatkind_parse
FNDA:1,_RNvNtNtCs3I23rWd8G42_16syslog_generator6format5testss_22prival_formula_correct
FNDA:1,_RNvNtNtCs3I23rWd8G42_16syslog_generator6format5testss_31phase6_build_raw_is_passthrough
FNDA:1,_RNvNtNtCs3I23rWd8G42_16syslog_generator6format5testss_33n10_formatkind_raw_is_passthrough
FNDA:1,_RNvNtNtCs3I23rWd8G42_16syslog_generator6format5testss_36n10_formatkind_rfc5424_renders_valid
FNDA:1,_RNvNtNtCs3I23rWd8G42_16syslog_generator6format5testss_36phase6_escape_sd_value_special_chars
FNDA:1,_RNvNtNtCs3I23rWd8G42_16syslog_generator6format5testss_41phase6_build_rfc3164_helper_matches_inner
FNDA:1,_RNvNtNtCs3I23rWd8G42_16syslog_generator6format5testss_41phase6_build_rfc5424_helper_matches_inner
FNDA:1,_RNvNtNtCs3I23rWd8G42_16syslog_generator6format5testss_41phase6_formatkind_json_lines_renders_json
FNDA:1,_RNvNtNtCs3I23rWd8G42_16syslog_generator6format5testss_45phase6_formatkind_protobuf_none_renders_empty
FNDA:1,_RNvNtNtCs3I23rWd8G42_16syslog_generator6format5testss_48phase6_formatkind_cef_none_ctx_falls_back_to_raw
FNDA:1,_RNvNtNtCs3I23rWd8G42_16syslog_generator6format5testss_49phase6_formatkind_cef_some_ctx_renders_cef_format
FNDA:1,_RNvNtNtCs3I23rWd8G42_16syslog_generator6format5testss_49phase6_formatkind_leef_none_ctx_falls_back_to_raw
FNDA:1,_RNvNtNtCs3I23rWd8G42_16syslog_generator6format5testss_51phase6_formatkind_leef_some_ctx_renders_leef_format
FNDA:1,_RNvNtNtCs3I23rWd8G42_16syslog_generator6format5testss_51phase6_formatkind_protobuf_some_renders_wire_format
FNDA:33,_RNvNtCs3I23rWd8G42_16syslog_generator6format20rfc5424_timestamp_at
FNDA:13,_RNvMs0_NtCs3I23rWd8G42_16syslog_generator6formatNtB5_10FormatKind5parse
FNDA:1,_RNvNtCs3I23rWd8G42_16syslog_generator6format13build_rfc3164
FNDA:1,_RNvNtCs3I23rWd8G42_16syslog_generator6format13build_rfc5424
FNDA:6,_RNvNtCs3I23rWd8G42_16syslog_generator6format15escape_sd_value
FNDA:2,_RNvNtCs3I23rWd8G42_16syslog_generator6format9build_raw
FNDA:17,_RNvXNtCs3I23rWd8G42_16syslog_generator6formatNtB2_10FormatKindNtB2_6Format6render
FNDA:7,_RNvXs_NtCs3I23rWd8G42_16syslog_generator6formatNtB4_10FormatKindNtNtCsl8K0bEFm1U0_4core3fmt7Display3fmt
FNDA:90,_RNvNtCs3I23rWd8G42_16syslog_generator6format15sanitize_header
FNDA:31,_RNvNtCs3I23rWd8G42_16syslog_generator6format17rfc5424_timestamp
FNF:30
FNH:30
DA:60,431
DA:61,431
DA:62,431
DA:63,431
DA:64,431
DA:72,1697
DA:73,1697
DA:74,813
DA:75,884
DA:76,884
DA:77,884
DA:78,11578
DA:79,884
DA:80,884
DA:81,884
DA:82,0
DA:84,884
DA:86,1697
DA:93,36
DA:94,36
DA:95,36
DA:101,3142
DA:102,3142
DA:103,3142
DA:107,6
DA:108,6
DA:109,49
DA:110,49
DA:111,6
DA:112,6
DA:113,6
DA:114,6
DA:115,43
DA:118,6
DA:119,6
DA:195,6667
DA:196,6667
DA:197,409
DA:198,1
DA:199,6246
DA:200,2
DA:204,2
DA:205,2
DA:206,2
DA:207,2
DA:208,2
DA:209,2
DA:210,2
DA:211,8
DA:212,2
DA:213,2
DA:218,4
DA:219,3
DA:220,1
DA:225,3
DA:226,2
DA:227,1
DA:230,2
DA:232,6667
DA:238,7
DA:239,7
DA:240,1
DA:241,1
DA:242,1
DA:243,1
DA:244,1
DA:245,1
DA:246,1
DA:248,7
DA:249,7
DA:255,3584
DA:256,3584
DA:257,3584
DA:258,3562
DA:259,3560
DA:260,9
DA:261,8
DA:262,5
DA:263,3
DA:264,1
DA:266,3584
DA:275,1
DA:276,1
DA:277,1
DA:279,1
DA:280,1
DA:281,1
DA:283,2
DA:287,2
DA:288,2
DA:297,1
DA:299,1
DA:300,1
DA:301,1
DA:304,1
DA:305,1
DA:311,1
DA:312,1
DA:313,1
DA:314,1
DA:315,1
DA:316,1
DA:317,1
DA:318,1
DA:319,1
DA:320,1
DA:321,1
DA:322,1
DA:323,1
DA:324,1
DA:325,1
DA:326,1
DA:327,1
DA:328,1
DA:329,1
DA:330,1
DA:331,1
DA:332,1
DA:333,1
DA:337,1
DA:338,1
DA:339,1
DA:340,1
DA:341,1
DA:342,1
DA:343,1
DA:344,1
DA:345,1
DA:346,1
DA:347,1
DA:348,1
DA:349,1
DA:350,1
DA:351,1
DA:352,1
DA:353,1
DA:354,1
DA:355,1
DA:356,1
DA:357,1
DA:361,1
DA:362,1
DA:363,1
DA:364,1
DA:365,1
DA:366,1
DA:367,1
DA:368,1
DA:369,1
DA:373,1
DA:374,1
DA:375,1
DA:378,1
DA:379,1
DA:382,1
DA:383,1
DA:384,1
DA:387,1
DA:388,1
DA:389,1
DA:390,1
DA:393,1
DA:394,1
DA:398,10
DA:399,10
DA:400,10
DA:401,10
DA:402,10
DA:403,10
DA:404,10
DA:405,10
DA:406,10
DA:407,10
DA:408,10
DA:409,10
DA:410,10
DA:415,1
DA:417,1
DA:418,1
DA:420,1
DA:421,1
DA:422,1
DA:424,1
DA:425,1
DA:429,1
DA:430,1
DA:431,1
DA:432,1
DA:433,1
DA:435,1
DA:436,1
DA:437,1
DA:441,1
DA:442,1
DA:443,1
DA:444,1
DA:445,1
DA:446,1
DA:447,1
DA:451,1
DA:452,1
DA:453,1
DA:455,1
DA:456,1
DA:462,1
DA:463,1
DA:464,1
DA:465,1
DA:466,1
DA:467,1
DA:468,1
DA:469,1
DA:470,1
DA:472,1
DA:473,1
DA:478,1
DA:480,1
DA:483,1
DA:484,1
DA:485,1
DA:486,1
DA:487,1
DA:488,1
DA:489,1
DA:490,1
DA:491,1
DA:492,1
DA:493,1
DA:494,1
DA:495,1
DA:496,1
DA:498,1
DA:499,1
DA:500,1
DA:505,1
DA:506,1
DA:507,1
DA:508,1
DA:509,1
DA:510,1
DA:511,1
DA:512,1
DA:513,1
DA:514,1
DA:515,1
DA:516,1
DA:521,1
DA:523,1
DA:524,1
DA:525,1
DA:526,1
DA:527,1
DA:528,1
DA:529,1
DA:530,1
DA:531,1
DA:532,1
DA:533,1
DA:534,1
DA:535,1
DA:536,1
DA:537,1
DA:538,1
DA:539,1
DA:540,1
DA:542,1
DA:543,1
DA:546,1
DA:551,1
DA:552,1
DA:553,1
DA:554,1
DA:555,1
DA:556,1
DA:557,1
DA:558,1
DA:559,1
DA:560,1
DA:561,1
DA:562,1
DA:567,1
DA:569,1
DA:570,1
DA:571,1
DA:572,1
DA:573,1
DA:574,1
DA:575,1
DA:576,1
DA:577,1
DA:578,1
DA:579,1
DA:580,1
DA:581,1
DA:582,1
DA:583,1
DA:584,1
DA:586,1
DA:587,1
DA:590,1
DA:595,1
DA:597,1
DA:598,1
DA:599,1
DA:600,1
DA:601,1
DA:602,1
DA:603,1
DA:604,1
DA:605,1
DA:606,1
DA:607,1
DA:609,1
DA:610,1
DA:611,1
DA:612,1
DA:613,1
DA:614,1
DA:615,1
BRF:0
BRH:0
LF:321
LH:319
end_of_record
SF:/private/tmp/pr17a-worktree/src/format/protobuf.rs
FN:45,_RNvMNtNtCsdYvAweMv4CD_16syslog_generator6format8protobufNtB2_6PbType5parse
FN:59,_RNvMNtNtCsdYvAweMv4CD_16syslog_generator6format8protobufNtB2_6PbType9wire_type
FN:95,_RNvNtNtCsdYvAweMv4CD_16syslog_generator6format8protobuf12encode_field
FN:70,_RNvNtNtCsdYvAweMv4CD_16syslog_generator6format8protobuf12write_varint
FN:164,_RNvNtNtCsdYvAweMv4CD_16syslog_generator6format8protobuf13is_known_type
FN:193,_RNvNtNtCsdYvAweMv4CD_16syslog_generator6format8protobuf14resolve_fields
FN:141,_RNvNtNtCsdYvAweMv4CD_16syslog_generator6format8protobuf16parse_field_spec
FN:229,_RNvNtNtCsdYvAweMv4CD_16syslog_generator6format8protobuf18serialize_protobuf
FN:211,_RNvNtNtCsdYvAweMv4CD_16syslog_generator6format8protobuf21apply_protobuf_schema
FN:246,_RNvNtNtCsdYvAweMv4CD_16syslog_generator6format8protobuf23serialize_protobuf_like
FN:85,_RNvNtNtCsdYvAweMv4CD_16syslog_generator6format8protobuf6zigzag
FN:90,_RNvNtNtCsdYvAweMv4CD_16syslog_generator6format8protobuf9write_tag
FN:45,_RNvMNtNtCs3I23rWd8G42_16syslog_generator6format8protobufNtB2_6PbType5parse
FN:59,_RNvMNtNtCs3I23rWd8G42_16syslog_generator6format8protobufNtB2_6PbType9wire_type
FN:95,_RNvNtNtCs3I23rWd8G42_16syslog_generator6format8protobuf12encode_field
FN:70,_RNvNtNtCs3I23rWd8G42_16syslog_generator6format8protobuf12write_varint
FN:164,_RNvNtNtCs3I23rWd8G42_16syslog_generator6format8protobuf13is_known_type
FN:193,_RNvNtNtCs3I23rWd8G42_16syslog_generator6format8protobuf14resolve_fields
FN:141,_RNvNtNtCs3I23rWd8G42_16syslog_generator6format8protobuf16parse_field_spec
FN:229,_RNvNtNtCs3I23rWd8G42_16syslog_generator6format8protobuf18serialize_protobuf
FN:211,_RNvNtNtCs3I23rWd8G42_16syslog_generator6format8protobuf21apply_protobuf_schema
FN:246,_RNvNtNtCs3I23rWd8G42_16syslog_generator6format8protobuf23serialize_protobuf_like
FN:85,_RNvNtNtCs3I23rWd8G42_16syslog_generator6format8protobuf6zigzag
FN:90,_RNvNtNtCs3I23rWd8G42_16syslog_generator6format8protobuf9write_tag
FN:257,_RNvNtNtNtCs3I23rWd8G42_16syslog_generator6format8protobuf5tests4vals
FN:303,_RNvNtNtNtCs3I23rWd8G42_16syslog_generator6format8protobuf5testss_19parse_spec_variants
FN:275,_RNvNtNtNtCs3I23rWd8G42_16syslog_generator6format8protobuf5testss_19zigzag_matches_spec
FN:295,_RNvNtNtNtCs3I23rWd8G42_16syslog_generator6format8protobuf5testss_21int_field_wire_format
FN:344,_RNvNtNtNtCs3I23rWd8G42_16syslog_generator6format8protobuf5testss_22bool_and_double_fields
FN:284,_RNvNtNtNtCs3I23rWd8G42_16syslog_generator6format8protobuf5testss_24string_field_wire_format
FN:262,_RNvNtNtNtCs3I23rWd8G42_16syslog_generator6format8protobuf5testss_28varint_encoding_matches_spec
FN:324,_RNvNtNtNtCs3I23rWd8G42_16syslog_generator6format8protobuf5testss_31full_message_is_decodable_order
FN:339,_RNvNtNtNtCs3I23rWd8G42_16syslog_generator6format8protobuf5testss_32empty_schema_yields_empty_buffer
FN:594,_RNvNtNtNtCs3I23rWd8G42_16syslog_generator6format8protobuf5testss_35apply_protobuf_schema_none_is_empty
FN:603,_RNvNtNtNtCs3I23rWd8G42_16syslog_generator6format8protobuf5testss_40parse_field_spec_malformed_explicit_type
FN:359,_RNvNtNtNtCs3I23rWd8G42_16syslog_generator6format8protobuf5testss_49parse_field_spec_all_documented_forms_and_aliases
FN:616,_RNvNtNtNtCs3I23rWd8G42_16syslog_generator6format8protobuf5testss_49serialize_protobuf_like_round_trips_simple_schema
FN:424,_RNvNtNtNtCs3I23rWd8G42_16syslog_generator6format8protobuf5testss_51encode_field_all_pb_types_writes_correct_wire_types
FNDA:1,_RNvMNtNtCsdYvAweMv4CD_16syslog_generator6format8protobufNtB2_6PbType5parse
FNDA:2,_RNvMNtNtCsdYvAweMv4CD_16syslog_generator6format8protobufNtB2_6PbType9wire_type
FNDA:2,_RNvNtNtCsdYvAweMv4CD_16syslog_generator6format8protobuf12encode_field
FNDA:4,_RNvNtNtCsdYvAweMv4CD_16syslog_generator6format8protobuf12write_varint
FNDA:1,_RNvNtNtCsdYvAweMv4CD_16syslog_generator6format8protobuf13is_known_type
FNDA:1,_RNvNtNtCsdYvAweMv4CD_16syslog_generator6format8protobuf14resolve_fields
FNDA:3,_RNvNtNtCsdYvAweMv4CD_16syslog_generator6format8protobuf16parse_field_spec
FNDA:1,_RNvNtNtCsdYvAweMv4CD_16syslog_generator6format8protobuf18serialize_protobuf
FNDA:1,_RNvNtNtCsdYvAweMv4CD_16syslog_generator6format8protobuf21apply_protobuf_schema
FNDA:0,_RNvNtNtCsdYvAweMv4CD_16syslog_generator6format8protobuf23serialize_protobuf_like
FNDA:0,_RNvNtNtCsdYvAweMv4CD_16syslog_generator6format8protobuf6zigzag
FNDA:2,_RNvNtNtCsdYvAweMv4CD_16syslog_generator6format8protobuf9write_tag
FNDA:26,_RNvMNtNtCs3I23rWd8G42_16syslog_generator6format8protobufNtB2_6PbType5parse
FNDA:19,_RNvMNtNtCs3I23rWd8G42_16syslog_generator6format8protobufNtB2_6PbType9wire_type
FNDA:19,_RNvNtNtCs3I23rWd8G42_16syslog_generator6format8protobuf12encode_field
FNDA:38,_RNvNtNtCs3I23rWd8G42_16syslog_generator6format8protobuf12write_varint
FNDA:26,_RNvNtNtCs3I23rWd8G42_16syslog_generator6format8protobuf13is_known_type
FNDA:6,_RNvNtNtCs3I23rWd8G42_16syslog_generator6format8protobuf14resolve_fields
FNDA:33,_RNvNtNtCs3I23rWd8G42_16syslog_generator6format8protobuf16parse_field_spec
FNDA:6,_RNvNtNtCs3I23rWd8G42_16syslog_generator6format8protobuf18serialize_protobuf
FNDA:1,_RNvNtNtCs3I23rWd8G42_16syslog_generator6format8protobuf21apply_protobuf_schema
FNDA:2,_RNvNtNtCs3I23rWd8G42_16syslog_generator6format8protobuf23serialize_protobuf_like
FNDA:6,_RNvNtNtCs3I23rWd8G42_16syslog_generator6format8protobuf6zigzag
FNDA:19,_RNvNtNtCs3I23rWd8G42_16syslog_generator6format8protobuf9write_tag
FNDA:2,_RNvNtNtNtCs3I23rWd8G42_16syslog_generator6format8protobuf5tests4vals
FNDA:1,_RNvNtNtNtCs3I23rWd8G42_16syslog_generator6format8protobuf5testss_19parse_spec_variants
FNDA:1,_RNvNtNtNtCs3I23rWd8G42_16syslog_generator6format8protobuf5testss_19zigzag_matches_spec
FNDA:1,_RNvNtNtNtCs3I23rWd8G42_16syslog_generator6format8protobuf5testss_21int_field_wire_format
FNDA:1,_RNvNtNtNtCs3I23rWd8G42_16syslog_generator6format8protobuf5testss_22bool_and_double_fields
FNDA:1,_RNvNtNtNtCs3I23rWd8G42_16syslog_generator6format8protobuf5testss_24string_field_wire_format
FNDA:1,_RNvNtNtNtCs3I23rWd8G42_16syslog_generator6format8protobuf5testss_28varint_encoding_matches_spec
FNDA:1,_RNvNtNtNtCs3I23rWd8G42_16syslog_generator6format8protobuf5testss_31full_message_is_decodable_order
FNDA:1,_RNvNtNtNtCs3I23rWd8G42_16syslog_generator6format8protobuf5testss_32empty_schema_yields_empty_buffer
FNDA:1,_RNvNtNtNtCs3I23rWd8G42_16syslog_generator6format8protobuf5testss_35apply_protobuf_schema_none_is_empty
FNDA:1,_RNvNtNtNtCs3I23rWd8G42_16syslog_generator6format8protobuf5testss_40parse_field_spec_malformed_explicit_type
FNDA:1,_RNvNtNtNtCs3I23rWd8G42_16syslog_generator6format8protobuf5testss_49parse_field_spec_all_documented_forms_and_aliases
FNDA:1,_RNvNtNtNtCs3I23rWd8G42_16syslog_generator6format8protobuf5testss_49serialize_protobuf_like_round_trips_simple_schema
FNDA:1,_RNvNtNtNtCs3I23rWd8G42_16syslog_generator6format8protobuf5testss_51encode_field_all_pb_types_writes_correct_wire_types
FNF:26
FNH:26
DA:45,27
DA:46,27
DA:47,27
DA:48,20
DA:49,16
DA:50,13
DA:51,11
DA:52,9
DA:53,7
DA:54,6
DA:56,27
DA:59,21
DA:60,21
DA:61,7
DA:62,11
DA:63,2
DA:64,1
DA:66,21
DA:70,42
DA:72,56
DA:73,56
DA:74,56
DA:75,14
DA:76,42
DA:77,56
DA:78,56
DA:79,42
DA:80,14
DA:82,42
DA:85,6
DA:86,6
DA:87,6
DA:90,21
DA:91,21
DA:92,21
DA:95,21
DA:96,21
DA:97,21
DA:98,7
DA:99,7
DA:100,7
DA:101,7
DA:102,7
DA:103,5
DA:104,5
DA:105,5
DA:106,5
DA:107,5
DA:108,2
DA:109,2
DA:110,2
DA:111,2
DA:112,1
DA:113,1
DA:114,1
DA:115,1
DA:117,3
DA:118,3
DA:119,3
DA:121,3
DA:123,2
DA:124,2
DA:125,2
DA:126,2
DA:127,1
DA:128,1
DA:129,1
DA:130,1
DA:132,21
DA:141,36
DA:143,36
DA:144,33
DA:146,32
DA:147,27
DA:151,27
DA:152,25
DA:153,2
DA:154,5
DA:156,7
DA:157,1
DA:158,3
DA:160,4
DA:161,36
DA:164,27
DA:165,25
DA:166,27
DA:167,27
DA:168,22
DA:169,21
DA:170,20
DA:171,18
DA:172,17
DA:173,16
DA:174,15
DA:175,14
DA:176,13
DA:177,12
DA:178,11
DA:179,10
DA:180,9
DA:181,8
DA:182,7
DA:183,6
DA:184,4
DA:186,27
DA:193,7
DA:194,7
DA:195,7
DA:196,7
DA:197,7
DA:198,7
DA:199,4
DA:200,4
DA:201,8
DA:202,8
DA:203,8
DA:204,8
DA:205,8
DA:206,3
DA:207,7
DA:208,7
DA:211,2
DA:212,2
DA:213,2
DA:214,2
DA:215,2
DA:216,2
DA:217,1
DA:218,1
DA:219,1
DA:220,1
DA:221,1
DA:222,2
DA:223,2
DA:229,7
DA:230,7
DA:231,7
DA:232,7
DA:233,7
DA:234,7
DA:237,7
DA:238,7
DA:239,8
DA:240,8
DA:241,8
DA:242,7
DA:243,7
DA:246,2
DA:247,2
DA:248,2
DA:249,2
DA:250,2
DA:251,2
DA:257,2
DA:258,2
DA:259,2
DA:262,1
DA:263,1
DA:264,1
DA:265,1
DA:266,1
DA:267,1
DA:268,1
DA:269,1
DA:270,1
DA:271,1
DA:272,1
DA:275,1
DA:276,1
DA:277,1
DA:278,1
DA:279,1
DA:280,1
DA:281,1
DA:284,1
DA:286,1
DA:287,1
DA:289,1
DA:290,1
DA:291,1
DA:292,1
DA:295,1
DA:297,1
DA:298,1
DA:299,1
DA:300,1
DA:303,1
DA:304,1
DA:305,1
DA:306,1
DA:308,1
DA:309,1
DA:310,1
DA:312,1
DA:313,1
DA:314,1
DA:317,1
DA:318,1
DA:319,1
DA:321,1
DA:324,1
DA:325,1
DA:326,1
DA:327,1
DA:328,1
DA:329,1
DA:330,1
DA:332,1
DA:334,1
DA:336,1
DA:339,1
DA:340,1
DA:341,1
DA:344,1
DA:345,1
DA:346,1
DA:347,1
DA:348,1
DA:349,1
DA:351,1
DA:352,1
DA:353,1
DA:359,1
DA:364,1
DA:365,1
DA:366,1
DA:367,1
DA:369,1
DA:370,1
DA:371,1
DA:372,1
DA:375,9
DA:376,1
DA:377,1
DA:378,1
DA:379,1
DA:380,1
DA:381,1
DA:382,1
DA:383,1
DA:384,1
DA:385,1
DA:386,9
DA:387,9
DA:391,9
DA:392,1
DA:393,1
DA:394,1
DA:395,1
DA:396,1
DA:397,1
DA:398,1
DA:399,1
DA:400,1
DA:401,1
DA:402,9
DA:403,9
DA:407,1
DA:408,1
DA:409,1
DA:410,1
DA:413,1
DA:414,1
DA:415,1
DA:416,1
DA:417,1
DA:424,1
DA:428,1
DA:429,1
DA:430,1
DA:431,1
DA:432,1
DA:435,0
DA:437,1
DA:438,1
DA:441,0
DA:445,1
DA:446,1
DA:447,1
DA:448,1
DA:451,0
DA:453,1
DA:454,1
DA:457,0
DA:460,1
DA:461,1
DA:464,0
DA:469,1
DA:470,1
DA:471,1
DA:472,1
DA:475,0
DA:477,1
DA:478,1
DA:481,0
DA:486,1
DA:487,1
DA:488,1
DA:489,1
DA:492,0
DA:494,1
DA:495,1
DA:498,0
DA:503,1
DA:504,1
DA:505,1
DA:506,1
DA:509,0
DA:511,1
DA:512,1
DA:514,0
DA:518,1
DA:519,1
DA:520,1
DA:521,1
DA:524,0
DA:526,1
DA:527,1
DA:529,0
DA:533,1
DA:534,1
DA:535,1
DA:536,1
DA:539,0
DA:541,1
DA:542,1
DA:545,0
DA:550,1
DA:551,1
DA:552,1
DA:553,1
DA:556,0
DA:560,1
DA:561,1
DA:564,0
DA:569,1
DA:570,1
DA:571,1
DA:572,1
DA:575,0
DA:578,1
DA:579,1
DA:584,1
DA:585,1
DA:587,0
DA:589,1
DA:594,1
DA:595,1
DA:596,1
DA:597,1
DA:598,1
DA:603,1
DA:606,1
DA:607,1
DA:609,1
DA:610,1
DA:611,1
DA:616,1
DA:620,1
DA:621,1
DA:622,1
DA:623,1
DA:624,1
DA:626,1
DA:627,1
DA:628,1
DA:630,1
DA:631,1
DA:634,1
DA:635,1
BRF:0
BRH:0
LF:370
LH:350
end_of_record
SF:/private/tmp/pr17a-worktree/src/format/raw.rs
FN:11,_RNvNtNtCsdYvAweMv4CD_16syslog_generator6format3raw5build
FN:20,_RNvNtNtNtCs3I23rWd8G42_16syslog_generator6format3raw5tests11test_header
FN:67,_RNvNtNtNtCs3I23rWd8G42_16syslog_generator6format3raw5testss_22raw_format_binary_data
FN:45,_RNvNtNtNtCs3I23rWd8G42_16syslog_generator6format3raw5testss_24raw_format_empty_message
FN:53,_RNvNtNtNtCs3I23rWd8G42_16syslog_generator6format3raw5testss_25raw_format_ignores_header
FN:36,_RNvNtNtNtCs3I23rWd8G42_16syslog_generator6format3raw5testss_43raw_format_passes_through_message_unchanged
FN:11,_RNvNtNtCs3I23rWd8G42_16syslog_generator6format3raw5build
FNDA:0,_RNvNtNtCsdYvAweMv4CD_16syslog_generator6format3raw5build
FNDA:5,_RNvNtNtNtCs3I23rWd8G42_16syslog_generator6format3raw5tests11test_header
FNDA:1,_RNvNtNtNtCs3I23rWd8G42_16syslog_generator6format3raw5testss_22raw_format_binary_data
FNDA:1,_RNvNtNtNtCs3I23rWd8G42_16syslog_generator6format3raw5testss_24raw_format_empty_message
FNDA:1,_RNvNtNtNtCs3I23rWd8G42_16syslog_generator6format3raw5testss_25raw_format_ignores_header
FNDA:1,_RNvNtNtNtCs3I23rWd8G42_16syslog_generator6format3raw5testss_43raw_format_passes_through_message_unchanged
FNDA:5,_RNvNtNtCs3I23rWd8G42_16syslog_generator6format3raw5build
FNF:6
FNH:6
DA:11,5
DA:12,5
DA:13,5
DA:20,5
DA:21,5
DA:22,5
DA:23,5
DA:24,5
DA:25,5
DA:26,5
DA:27,5
DA:28,5
DA:29,5
DA:30,5
DA:31,5
DA:32,5
DA:36,1
DA:37,1
DA:38,1
DA:39,1
DA:40,1
DA:41,1
DA:45,1
DA:46,1
DA:47,1
DA:48,1
DA:49,1
DA:53,1
DA:54,1
DA:55,1
DA:56,1
DA:57,1
DA:58,1
DA:59,1
DA:60,1
DA:62,1
DA:63,1
DA:67,1
DA:68,1
DA:69,1
DA:70,1
DA:71,1
DA:72,1
BRF:0
BRH:0
LF:43
LH:43
end_of_record
SF:/private/tmp/pr17a-worktree/src/format/rfc3164.rs
FN:16,_RNvNtNtCsdYvAweMv4CD_16syslog_generator6format7rfc31645buildB5_
FN:82,_RNvNtNtNtCs3I23rWd8G42_16syslog_generator6format7rfc31645tests11test_header
FN:111,_RNvNtNtNtCs3I23rWd8G42_16syslog_generator6format7rfc31645testss_23rfc3164_tag_with_procid
FN:124,_RNvNtNtNtCs3I23rWd8G42_16syslog_generator6format7rfc31645testss_26rfc3164_tag_without_procid
FN:98,_RNvNtNtNtCs3I23rWd8G42_16syslog_generator6format7rfc31645testss_28rfc3164_prival_in_pri_header
FN:177,_RNvNtNtNtCs3I23rWd8G42_16syslog_generator6format7rfc31645testss_32rfc3164_nilvalue_app_becomes_app
FN:138,_RNvNtNtNtCs3I23rWd8G42_16syslog_generator6format7rfc31645testss_32rfc3164_tag_with_nilvalue_procid
FN:166,_RNvNtNtNtCs3I23rWd8G42_16syslog_generator6format7rfc31645testss_37rfc3164_empty_app_name_does_not_panic
FN:191,_RNvNtNtNtCs3I23rWd8G42_16syslog_generator6format7rfc31645testss_39rfc3164_space_separates_header_from_msg
FN:152,_RNvNtNtNtCs3I23rWd8G42_16syslog_generator6format7rfc31645testss_43rfc3164_nilvalue_hostname_becomes_localhost
FN:16,_RNvNtNtCs3I23rWd8G42_16syslog_generator6format7rfc31645buildB5_
FNDA:1,_RNvNtNtCsdYvAweMv4CD_16syslog_generator6format7rfc31645buildB5_
FNDA:8,_RNvNtNtNtCs3I23rWd8G42_16syslog_generator6format7rfc31645tests11test_header
FNDA:1,_RNvNtNtNtCs3I23rWd8G42_16syslog_generator6format7rfc31645testss_23rfc3164_tag_with_procid
FNDA:1,_RNvNtNtNtCs3I23rWd8G42_16syslog_generator6format7rfc31645testss_26rfc3164_tag_without_procid
FNDA:1,_RNvNtNtNtCs3I23rWd8G42_16syslog_generator6format7rfc31645testss_28rfc3164_prival_in_pri_header
FNDA:1,_RNvNtNtNtCs3I23rWd8G42_16syslog_generator6format7rfc31645testss_32rfc3164_nilvalue_app_becomes_app
FNDA:1,_RNvNtNtNtCs3I23rWd8G42_16syslog_generator6format7rfc31645testss_32rfc3164_tag_with_nilvalue_procid
FNDA:1,_RNvNtNtNtCs3I23rWd8G42_16syslog_generator6format7rfc31645testss_37rfc3164_empty_app_name_does_not_panic
FNDA:1,_RNvNtNtNtCs3I23rWd8G42_16syslog_generator6format7rfc31645testss_39rfc3164_space_separates_header_from_msg
FNDA:1,_RNvNtNtNtCs3I23rWd8G42_16syslog_generator6format7rfc31645testss_43rfc3164_nilvalue_hostname_becomes_localhost
FNDA:10,_RNvNtNtCs3I23rWd8G42_16syslog_generator6format7rfc31645buildB5_
FNF:10
FNH:10
DA:16,11
DA:17,11
DA:20,11
DA:23,11
DA:24,11
DA:25,1
DA:27,10
DA:31,11
DA:32,11
DA:33,2
DA:35,9
DA:39,11
DA:40,11
DA:44,11
DA:45,11
DA:46,11
DA:47,11
DA:48,11
DA:49,11
DA:50,11
DA:52,11
DA:53,11
DA:56,11
DA:58,11
DA:59,11
DA:62,11
DA:63,11
DA:64,9
DA:65,9
DA:66,9
DA:67,9
DA:68,2
DA:69,2
DA:71,11
DA:72,11
DA:74,11
DA:75,11
DA:82,8
DA:83,8
DA:84,8
DA:85,8
DA:86,8
DA:87,8
DA:88,8
DA:89,8
DA:90,8
DA:91,8
DA:92,8
DA:93,8
DA:94,8
DA:98,1
DA:99,1
DA:100,1
DA:102,1
DA:103,1
DA:105,0
DA:107,1
DA:111,1
DA:112,1
DA:113,1
DA:114,1
DA:115,1
DA:116,1
DA:120,1
DA:124,1
DA:125,1
DA:126,1
DA:127,1
DA:128,1
DA:129,1
DA:130,1
DA:134,1
DA:138,1
DA:139,1
DA:140,1
DA:141,1
DA:142,1
DA:143,1
DA:144,1
DA:148,1
DA:152,1
DA:153,1
DA:154,1
DA:155,1
DA:156,1
DA:157,1
DA:158,1
DA:162,1
DA:166,1
DA:167,1
DA:168,1
DA:169,1
DA:170,1
DA:171,1
DA:172,1
DA:177,1
DA:178,1
DA:179,1
DA:180,1
DA:181,1
DA:182,1
DA:183,1
DA:187,1
DA:191,1
DA:192,1
DA:193,1
DA:194,1
DA:195,1
DA:196,1
DA:200,1
BRF:0
BRH:0
LF:110
LH:109
end_of_record
SF:/private/tmp/pr17a-worktree/src/format/rfc5424.rs
FN:17,_RNvNtNtCsdYvAweMv4CD_16syslog_generator6format7rfc54245buildB5_
FN:112,_RNCNvNtNtNtCs3I23rWd8G42_16syslog_generator6format7rfc54245testss_27includes_bom_when_requested0B9_
FN:76,_RNvNtNtNtCs3I23rWd8G42_16syslog_generator6format7rfc54245tests3hdr
FN:142,_RNvNtNtNtCs3I23rWd8G42_16syslog_generator6format7rfc54245testss_16prival_high_bits
FN:91,_RNvNtNtNtCs3I23rWd8G42_16syslog_generator6format7rfc54245testss_22builds_minimal_rfc5424
FN:106,_RNvNtNtNtCs3I23rWd8G42_16syslog_generator6format7rfc54245testss_27includes_bom_when_requested
FN:130,_RNvNtNtNtCs3I23rWd8G42_16syslog_generator6format7rfc54245testss_32preserves_custom_structured_data
FN:118,_RNvNtNtNtCs3I23rWd8G42_16syslog_generator6format7rfc54245testss_38empty_structured_data_becomes_nilvalue
FN:17,_RNvNtNtCs3I23rWd8G42_16syslog_generator6format7rfc54245buildB5_
FNDA:401,_RNvNtNtCsdYvAweMv4CD_16syslog_generator6format7rfc54245buildB5_
FNDA:54,_RNCNvNtNtNtCs3I23rWd8G42_16syslog_generator6format7rfc54245testss_27includes_bom_when_requested0B9_
FNDA:5,_RNvNtNtNtCs3I23rWd8G42_16syslog_generator6format7rfc54245tests3hdr
FNDA:1,_RNvNtNtNtCs3I23rWd8G42_16syslog_generator6format7rfc54245testss_16prival_high_bits
FNDA:1,_RNvNtNtNtCs3I23rWd8G42_16syslog_generator6format7rfc54245testss_22builds_minimal_rfc5424
FNDA:1,_RNvNtNtNtCs3I23rWd8G42_16syslog_generator6format7rfc54245testss_27includes_bom_when_requested
FNDA:1,_RNvNtNtNtCs3I23rWd8G42_16syslog_generator6format7rfc54245testss_32preserves_custom_structured_data
FNDA:1,_RNvNtNtNtCs3I23rWd8G42_16syslog_generator6format7rfc54245testss_38empty_structured_data_becomes_nilvalue
FNDA:15,_RNvNtNtCs3I23rWd8G42_16syslog_generator6format7rfc54245buildB5_
FNF:8
FNH:8
DA:17,416
DA:18,416
DA:19,416
DA:20,416
DA:21,416
DA:22,416
DA:26,416
DA:27,416
DA:28,416
DA:29,416
DA:30,416
DA:31,416
DA:32,416
DA:33,416
DA:36,416
DA:39,416
DA:40,17
DA:41,17
DA:42,399
DA:43,399
DA:44,399
DA:47,416
DA:48,416
DA:49,416
DA:50,416
DA:51,416
DA:52,416
DA:53,416
DA:54,416
DA:55,416
DA:56,416
DA:57,1
DA:58,415
DA:59,415
DA:60,415
DA:63,416
DA:64,416
DA:65,2
DA:66,414
DA:67,416
DA:69,416
DA:70,416
DA:76,5
DA:77,5
DA:78,5
DA:79,5
DA:80,5
DA:81,5
DA:82,5
DA:83,5
DA:84,5
DA:85,5
DA:86,5
DA:87,5
DA:88,5
DA:91,1
DA:92,1
DA:93,1
DA:95,1
DA:96,1
DA:98,1
DA:99,1
DA:100,1
DA:101,1
DA:102,1
DA:103,1
DA:106,1
DA:107,1
DA:108,1
DA:109,1
DA:111,1
DA:112,54
DA:115,1
DA:118,1
DA:119,1
DA:120,1
DA:121,1
DA:122,1
DA:123,1
DA:124,1
DA:127,1
DA:130,1
DA:131,1
DA:132,1
DA:133,1
DA:134,1
DA:135,1
DA:136,1
DA:139,1
DA:142,1
DA:144,1
DA:145,1
DA:146,1
DA:147,1
DA:148,1
DA:149,1
BRF:0
BRH:0
LF:97
LH:97
end_of_record
SF:/private/tmp/pr17a-worktree/src/generator/config.rs
FN:352,_RNvMs1_NtNtCsdYvAweMv4CD_16syslog_generator9generator6configNtB5_5Phase11format_type
FN:219,_RNvNtNtCsdYvAweMv4CD_16syslog_generator9generator6config11default_nil
FN:158,_RNvNtNtCsdYvAweMv4CD_16syslog_generator9generator6config14default_weight
FN:161,_RNvNtNtCsdYvAweMv4CD_16syslog_generator9generator6config15default_framing
FN:216,_RNvNtNtCsdYvAweMv4CD_16syslog_generator9generator6config16default_app_name
FN:207,_RNvNtNtCsdYvAweMv4CD_16syslog_generator9generator6config16default_facility
FN:213,_RNvNtNtCsdYvAweMv4CD_16syslog_generator9generator6config16default_hostname
FN:210,_RNvNtNtCsdYvAweMv4CD_16syslog_generator9generator6config16default_severity
FN:155,_RNvNtNtCsdYvAweMv4CD_16syslog_generator9generator6config19default_connections
FN:356,_RNvNtNtCsdYvAweMv4CD_16syslog_generator9generator6config20default_distribution
FN:238,_RNvNtNtCsdYvAweMv4CD_16syslog_generator9generator6config21default_shutdown_mode
FN:420,_RNvNtNtCsdYvAweMv4CD_16syslog_generator9generator6config22load_profile_from_path
FN:391,_RNvNtNtCsdYvAweMv4CD_16syslog_generator9generator6config26load_profile_from_json_str
FN:403,_RNvNtNtCsdYvAweMv4CD_16syslog_generator9generator6config26load_profile_from_yaml_str
FN:241,_RNvNtNtCsdYvAweMv4CD_16syslog_generator9generator6config35default_shutdown_drain_timeout_secs
FN:119,_RNvXNtNtCsdYvAweMv4CD_16syslog_generator9generator6configNtB2_12TargetConfigNtNtCsl8K0bEFm1U0_4core7default7Default7default
FN:231,_RNvXs0_NtNtCsdYvAweMv4CD_16syslog_generator9generator6configNtB5_14ShutdownConfigNtNtCsl8K0bEFm1U0_4core7default7Default7default
FN:376,_RNvXs2_NtNtCsdYvAweMv4CD_16syslog_generator9generator6configNtB5_7ProfileNtNtCsl8K0bEFm1U0_4core7default7Default7default
FN:194,_RNvXs_NtNtCsdYvAweMv4CD_16syslog_generator9generator6configNtB4_12SyslogConfigNtNtCsl8K0bEFm1U0_4core7default7Default7default
FN:424,_RNCNvNtNtCsdYvAweMv4CD_16syslog_generator9generator6config22load_profile_from_path0B7_
FN:451,_RNCNvNtNtCsdYvAweMv4CD_16syslog_generator9generator6config22load_profile_from_paths0_0B7_
FN:456,_RNCNvNtNtCsdYvAweMv4CD_16syslog_generator9generator6config22load_profile_from_paths1_0B7_
FN:461,_RNCNvNtNtCsdYvAweMv4CD_16syslog_generator9generator6config22load_profile_from_paths2_0B7_
FN:445,_RNCNvNtNtCsdYvAweMv4CD_16syslog_generator9generator6config22load_profile_from_paths_0B7_
FN:393,_RNCNvNtNtCsdYvAweMv4CD_16syslog_generator9generator6config26load_profile_from_json_str0B7_
FN:405,_RNCNvNtNtCsdYvAweMv4CD_16syslog_generator9generator6config26load_profile_from_yaml_str0B7_
FN:352,_RNvMs1_NtNtCs3I23rWd8G42_16syslog_generator9generator6configNtB5_5Phase11format_type
FN:219,_RNvNtNtCs3I23rWd8G42_16syslog_generator9generator6config11default_nil
FN:158,_RNvNtNtCs3I23rWd8G42_16syslog_generator9generator6config14default_weight
FN:161,_RNvNtNtCs3I23rWd8G42_16syslog_generator9generator6config15default_framing
FN:216,_RNvNtNtCs3I23rWd8G42_16syslog_generator9generator6config16default_app_name
FN:207,_RNvNtNtCs3I23rWd8G42_16syslog_generator9generator6config16default_facility
FN:213,_RNvNtNtCs3I23rWd8G42_16syslog_generator9generator6config16default_hostname
FN:210,_RNvNtNtCs3I23rWd8G42_16syslog_generator9generator6config16default_severity
FN:155,_RNvNtNtCs3I23rWd8G42_16syslog_generator9generator6config19default_connections
FN:356,_RNvNtNtCs3I23rWd8G42_16syslog_generator9generator6config20default_distribution
FN:238,_RNvNtNtCs3I23rWd8G42_16syslog_generator9generator6config21default_shutdown_mode
FN:420,_RNvNtNtCs3I23rWd8G42_16syslog_generator9generator6config22load_profile_from_path
FN:391,_RNvNtNtCs3I23rWd8G42_16syslog_generator9generator6config26load_profile_from_json_str
FN:403,_RNvNtNtCs3I23rWd8G42_16syslog_generator9generator6config26load_profile_from_yaml_str
FN:241,_RNvNtNtCs3I23rWd8G42_16syslog_generator9generator6config35default_shutdown_drain_timeout_secs
FN:119,_RNvXNtNtCs3I23rWd8G42_16syslog_generator9generator6configNtB2_12TargetConfigNtNtCsl8K0bEFm1U0_4core7default7Default7default
FN:231,_RNvXs0_NtNtCs3I23rWd8G42_16syslog_generator9generator6configNtB5_14ShutdownConfigNtNtCsl8K0bEFm1U0_4core7default7Default7default
FN:376,_RNvXs2_NtNtCs3I23rWd8G42_16syslog_generator9generator6configNtB5_7ProfileNtNtCsl8K0bEFm1U0_4core7default7Default7default
FN:194,_RNvXs_NtNtCs3I23rWd8G42_16syslog_generator9generator6configNtB4_12SyslogConfigNtNtCsl8K0bEFm1U0_4core7default7Default7default
FN:480,_RNvNtNtNtCs3I23rWd8G42_16syslog_generator9generator6config5tests12minimal_yaml
FN:562,_RNvNtNtNtCs3I23rWd8G42_16syslog_generator9generator6config5testss_34load_profile_from_json_still_works
FN:499,_RNvNtNtNtCs3I23rWd8G42_16syslog_generator9generator6config5testss_41load_profile_from_yaml_str_parses_minimal
FN:574,_RNvNtNtNtCs3I23rWd8G42_16syslog_generator9generator6config5testss_46load_profile_from_path_dispatches_by_extension
FN:619,_RNvNtNtNtCs3I23rWd8G42_16syslog_generator9generator6config5testss_48load_profile_from_path_io_error_for_missing_file
FN:512,_RNvNtNtNtCs3I23rWd8G42_16syslog_generator9generator6config5testss_50load_profile_from_yaml_str_parses_load_shape_burst
FN:551,_RNvNtNtNtCs3I23rWd8G42_16syslog_generator9generator6config5testss_55load_profile_from_yaml_str_reports_yaml_error_with_path
FN:424,_RNCNvNtNtCs3I23rWd8G42_16syslog_generator9generator6config22load_profile_from_path0B7_
FN:451,_RNCNvNtNtCs3I23rWd8G42_16syslog_generator9generator6config22load_profile_from_paths0_0B7_
FN:456,_RNCNvNtNtCs3I23rWd8G42_16syslog_generator9generator6config22load_profile_from_paths1_0B7_
FN:461,_RNCNvNtNtCs3I23rWd8G42_16syslog_generator9generator6config22load_profile_from_paths2_0B7_
FN:445,_RNCNvNtNtCs3I23rWd8G42_16syslog_generator9generator6config22load_profile_from_paths_0B7_
FN:393,_RNCNvNtNtCs3I23rWd8G42_16syslog_generator9generator6config26load_profile_from_json_str0B7_
FN:405,_RNCNvNtNtCs3I23rWd8G42_16syslog_generator9generator6config26load_profile_from_yaml_str0B7_
FNDA:3769,_RNvMs1_NtNtCsdYvAweMv4CD_16syslog_generator9generator6configNtB5_5Phase11format_type
FNDA:339,_RNvNtNtCsdYvAweMv4CD_16syslog_generator9generator6config11default_nil
FNDA:90,_RNvNtNtCsdYvAweMv4CD_16syslog_generator9generator6config14default_weight
FNDA:100,_RNvNtNtCsdYvAweMv4CD_16syslog_generator9generator6config15default_framing
FNDA:102,_RNvNtNtCsdYvAweMv4CD_16syslog_generator9generator6config16default_app_name
FNDA:102,_RNvNtNtCsdYvAweMv4CD_16syslog_generator9generator6config16default_facility
FNDA:102,_RNvNtNtCsdYvAweMv4CD_16syslog_generator9generator6config16default_hostname
FNDA:102,_RNvNtNtCsdYvAweMv4CD_16syslog_generator9generator6config16default_severity
FNDA:92,_RNvNtNtCsdYvAweMv4CD_16syslog_generator9generator6config19default_connections
FNDA:18,_RNvNtNtCsdYvAweMv4CD_16syslog_generator9generator6config20default_distribution
FNDA:58,_RNvNtNtCsdYvAweMv4CD_16syslog_generator9generator6config21default_shutdown_mode
FNDA:44,_RNvNtNtCsdYvAweMv4CD_16syslog_generator9generator6config22load_profile_from_path
FNDA:2,_RNvNtNtCsdYvAweMv4CD_16syslog_generator9generator6config26load_profile_from_json_str
FNDA:0,_RNvNtNtCsdYvAweMv4CD_16syslog_generator9generator6config26load_profile_from_yaml_str
FNDA:58,_RNvNtNtCsdYvAweMv4CD_16syslog_generator9generator6config35default_shutdown_drain_timeout_secs
FNDA:61,_RNvXNtNtCsdYvAweMv4CD_16syslog_generator9generator6configNtB2_12TargetConfigNtNtCsl8K0bEFm1U0_4core7default7Default7default
FNDA:58,_RNvXs0_NtNtCsdYvAweMv4CD_16syslog_generator9generator6configNtB5_14ShutdownConfigNtNtCsl8K0bEFm1U0_4core7default7Default7default
FNDA:12,_RNvXs2_NtNtCsdYvAweMv4CD_16syslog_generator9generator6configNtB5_7ProfileNtNtCsl8K0bEFm1U0_4core7default7Default7default
FNDA:102,_RNvXs_NtNtCsdYvAweMv4CD_16syslog_generator9generator6configNtB4_12SyslogConfigNtNtCsl8K0bEFm1U0_4core7default7Default7default
FNDA:44,_RNCNvNtNtCsdYvAweMv4CD_16syslog_generator9generator6config22load_profile_from_path0B7_
FNDA:0,_RNCNvNtNtCsdYvAweMv4CD_16syslog_generator9generator6config22load_profile_from_paths0_0B7_
FNDA:1,_RNCNvNtNtCsdYvAweMv4CD_16syslog_generator9generator6config22load_profile_from_paths1_0B7_
FNDA:0,_RNCNvNtNtCsdYvAweMv4CD_16syslog_generator9generator6config22load_profile_from_paths2_0B7_
FNDA:1,_RNCNvNtNtCsdYvAweMv4CD_16syslog_generator9generator6config22load_profile_from_paths_0B7_
FNDA:0,_RNCNvNtNtCsdYvAweMv4CD_16syslog_generator9generator6config26load_profile_from_json_str0B7_
FNDA:0,_RNCNvNtNtCsdYvAweMv4CD_16syslog_generator9generator6config26load_profile_from_yaml_str0B7_
FNDA:55,_RNvMs1_NtNtCs3I23rWd8G42_16syslog_generator9generator6configNtB5_5Phase11format_type
FNDA:285,_RNvNtNtCs3I23rWd8G42_16syslog_generator9generator6config11default_nil
FNDA:75,_RNvNtNtCs3I23rWd8G42_16syslog_generator9generator6config14default_weight
FNDA:75,_RNvNtNtCs3I23rWd8G42_16syslog_generator9generator6config15default_framing
FNDA:95,_RNvNtNtCs3I23rWd8G42_16syslog_generator9generator6config16default_app_name
FNDA:95,_RNvNtNtCs3I23rWd8G42_16syslog_generator9generator6config16default_facility
FNDA:95,_RNvNtNtCs3I23rWd8G42_16syslog_generator9generator6config16default_hostname
FNDA:95,_RNvNtNtCs3I23rWd8G42_16syslog_generator9generator6config16default_severity
FNDA:75,_RNvNtNtCs3I23rWd8G42_16syslog_generator9generator6config19default_connections
FNDA:4,_RNvNtNtCs3I23rWd8G42_16syslog_generator9generator6config20default_distribution
FNDA:63,_RNvNtNtCs3I23rWd8G42_16syslog_generator9generator6config21default_shutdown_mode
FNDA:5,_RNvNtNtCs3I23rWd8G42_16syslog_generator9generator6config22load_profile_from_path
FNDA:1,_RNvNtNtCs3I23rWd8G42_16syslog_generator9generator6config26load_profile_from_json_str
FNDA:4,_RNvNtNtCs3I23rWd8G42_16syslog_generator9generator6config26load_profile_from_yaml_str
FNDA:63,_RNvNtNtCs3I23rWd8G42_16syslog_generator9generator6config35default_shutdown_drain_timeout_secs
FNDA:69,_RNvXNtNtCs3I23rWd8G42_16syslog_generator9generator6configNtB2_12TargetConfigNtNtCsl8K0bEFm1U0_4core7default7Default7default
FNDA:63,_RNvXs0_NtNtCs3I23rWd8G42_16syslog_generator9generator6configNtB5_14ShutdownConfigNtNtCsl8K0bEFm1U0_4core7default7Default7default
FNDA:4,_RNvXs2_NtNtCs3I23rWd8G42_16syslog_generator9generator6configNtB5_7ProfileNtNtCsl8K0bEFm1U0_4core7default7Default7default
FNDA:95,_RNvXs_NtNtCs3I23rWd8G42_16syslog_generator9generator6configNtB4_12SyslogConfigNtNtCsl8K0bEFm1U0_4core7default7Default7default
FNDA:3,_RNvNtNtNtCs3I23rWd8G42_16syslog_generator9generator6config5tests12minimal_yaml
FNDA:1,_RNvNtNtNtCs3I23rWd8G42_16syslog_generator9generator6config5testss_34load_profile_from_json_still_works
FNDA:1,_RNvNtNtNtCs3I23rWd8G42_16syslog_generator9generator6config5testss_41load_profile_from_yaml_str_parses_minimal
FNDA:1,_RNvNtNtNtCs3I23rWd8G42_16syslog_generator9generator6config5testss_46load_profile_from_path_dispatches_by_extension
FNDA:1,_RNvNtNtNtCs3I23rWd8G42_16syslog_generator9generator6config5testss_48load_profile_from_path_io_error_for_missing_file
FNDA:1,_RNvNtNtNtCs3I23rWd8G42_16syslog_generator9generator6config5testss_50load_profile_from_yaml_str_parses_load_shape_burst
FNDA:1,_RNvNtNtNtCs3I23rWd8G42_16syslog_generator9generator6config5testss_55load_profile_from_yaml_str_reports_yaml_error_with_path
FNDA:5,_RNCNvNtNtCs3I23rWd8G42_16syslog_generator9generator6config22load_profile_from_path0B7_
FNDA:0,_RNCNvNtNtCs3I23rWd8G42_16syslog_generator9generator6config22load_profile_from_paths0_0B7_
FNDA:0,_RNCNvNtNtCs3I23rWd8G42_16syslog_generator9generator6config22load_profile_from_paths1_0B7_
FNDA:0,_RNCNvNtNtCs3I23rWd8G42_16syslog_generator9generator6config22load_profile_from_paths2_0B7_
FNDA:1,_RNCNvNtNtCs3I23rWd8G42_16syslog_generator9generator6config22load_profile_from_paths_0B7_
FNDA:0,_RNCNvNtNtCs3I23rWd8G42_16syslog_generator9generator6config26load_profile_from_json_str0B7_
FNDA:1,_RNCNvNtNtCs3I23rWd8G42_16syslog_generator9generator6config26load_profile_from_yaml_str0B7_
FNF:33
FNH:30
DA:119,130
DA:120,130
DA:121,130
DA:122,130
DA:123,130
DA:124,130
DA:125,130
DA:126,130
DA:127,130
DA:128,130
DA:129,130
DA:130,130
DA:131,130
DA:132,130
DA:133,130
DA:134,130
DA:135,130
DA:136,130
DA:137,130
DA:138,130
DA:139,130
DA:140,130
DA:141,130
DA:142,130
DA:143,130
DA:144,130
DA:145,130
DA:146,130
DA:147,130
DA:148,130
DA:149,130
DA:150,130
DA:151,130
DA:152,130
DA:153,130
DA:155,167
DA:156,167
DA:157,167
DA:158,165
DA:159,165
DA:160,165
DA:161,175
DA:162,175
DA:163,175
DA:194,197
DA:195,197
DA:196,197
DA:197,197
DA:198,197
DA:199,197
DA:200,197
DA:201,197
DA:202,197
DA:203,197
DA:204,197
DA:205,197
DA:207,197
DA:208,197
DA:209,197
DA:210,197
DA:211,197
DA:212,197
DA:213,197
DA:214,197
DA:215,197
DA:216,197
DA:217,197
DA:218,197
DA:219,624
DA:220,624
DA:221,624
DA:231,121
DA:232,121
DA:233,121
DA:234,121
DA:235,121
DA:236,121
DA:238,121
DA:239,121
DA:240,121
DA:241,121
DA:242,121
DA:243,121
DA:352,3824
DA:353,3824
[...]
FNDA:4,_RNvNtCsdYvAweMv4CD_16syslog_generator8validate12validate_cef
FNDA:2,_RNvNtCsdYvAweMv4CD_16syslog_generator8validate13format_errors
FNDA:1,_RNvNtCsdYvAweMv4CD_16syslog_generator8validate13validate_leef
FNDA:49,_RNvNtCsdYvAweMv4CD_16syslog_generator8validate14validate_phase
FNDA:26,_RNvNtCsdYvAweMv4CD_16syslog_generator8validate15validate_syslog
FNDA:61,_RNvNtCsdYvAweMv4CD_16syslog_generator8validate15validate_target
FNDA:50,_RNvNtCsdYvAweMv4CD_16syslog_generator8validate16validate_profile
FNDA:2,_RNvNtCsdYvAweMv4CD_16syslog_generator8validate19validate_load_shape
FNDA:6,_RNvNtCsdYvAweMv4CD_16syslog_generator8validate21validate_anomaly_kind
FNDA:5,_RNvNtCsdYvAweMv4CD_16syslog_generator8validate8push_neg
FNDA:1,_RNCNvNtNtCs3I23rWd8G42_16syslog_generator8validate5testss_18rejects_bad_format0B7_
FNDA:1,_RNCNvNtNtCs3I23rWd8G42_16syslog_generator8validate5testss_20rejects_zero_padding0B7_
FNDA:1,_RNCNvNtNtCs3I23rWd8G42_16syslog_generator8validate5testss_21rejects_bad_transport0B7_
FNDA:1,_RNCNvNtNtCs3I23rWd8G42_16syslog_generator8validate5testss_23rejects_unbounded_phase0B7_
FNDA:1,_RNCNvNtNtCs3I23rWd8G42_16syslog_generator8validate5testss_24negative_load_shape_rate0B7_
FNDA:1,_RNCNvNtNtCs3I23rWd8G42_16syslog_generator8validate5testss_24rejects_bad_distribution0B7_
FNDA:1,_RNCNvNtNtCs3I23rWd8G42_16syslog_generator8validate5testss_24rejects_empty_phase_name0B7_
FNDA:1,_RNCNvNtNtCs3I23rWd8G42_16syslog_generator8validate5testss_24rejects_zero_connections0B7_
FNDA:1,_RNCNvNtNtCs3I23rWd8G42_16syslog_generator8validate5testss_25rejects_bad_shutdown_mode0B7_
FNDA:1,_RNCNvNtNtCs3I23rWd8G42_16syslog_generator8validate5testss_25rejects_no_content_source0B7_
FNDA:1,_RNCNvNtNtCs3I23rWd8G42_16syslog_generator8validate5testss_29invalid_cef_severity_too_high0B7_
FNDA:1,_RNCNvNtNtCs3I23rWd8G42_16syslog_generator8validate5testss_29invalid_tls_cipher_suite_name0B7_
FNDA:2,_RNCNvNtNtCs3I23rWd8G42_16syslog_generator8validate5testss_29rejects_bad_severity_facility0B7_
FNDA:1,_RNCNvNtNtCs3I23rWd8G42_16syslog_generator8validate5testss_29rejects_bad_severity_facilitys_0B7_
FNDA:1,_RNCNvNtNtCs3I23rWd8G42_16syslog_generator8validate5testss_31f17_rejects_burst_zero_interval0B7_
FNDA:1,_RNCNvNtNtCs3I23rWd8G42_16syslog_generator8validate5testss_31invalid_file_rotation_size_zero0B7_
FNDA:1,_RNCNvNtNtCs3I23rWd8G42_16syslog_generator8validate5testss_31invalid_reconnect_backoff_range0B7_
FNDA:1,_RNCNvNtNtCs3I23rWd8G42_16syslog_generator8validate5testss_32rejects_negative_template_weight0B7_
FNDA:1,_RNCNvNtNtCs3I23rWd8G42_16syslog_generator8validate5testss_33f17_rejects_burst_zero_multiplier0B7_
FNDA:1,_RNCNvNtNtCs3I23rWd8G42_16syslog_generator8validate5testss_33rejects_template_weights_mismatch0B7_
FNDA:1,_RNCNvNtNtCs3I23rWd8G42_16syslog_generator8validate5testss_34reconnect_multiplier_zero_rejected0B7_
FNDA:1,_RNCNvNtNtCs3I23rWd8G42_16syslog_generator8validate5testss_35f17_rejects_burst_negative_duration0B7_
FNDA:1,_RNCNvNtNtCs3I23rWd8G42_16syslog_generator8validate5testss_35f17_rejects_slow_drip_zero_duration0B7_
FNDA:1,_RNCNvNtNtCs3I23rWd8G42_16syslog_generator8validate5testss_35invalid_file_rotation_interval_zero0B7_
FNDA:0,_RNCNvNtNtCs3I23rWd8G42_16syslog_generator8validate5testss_35severity_not_checked_for_raw_format0B7_
FNDA:1,_RNCNvNtNtCs3I23rWd8G42_16syslog_generator8validate5testss_36f17_collects_multiple_anomaly_errors0B7_
FNDA:3,_RNCNvNtNtCs3I23rWd8G42_16syslog_generator8validate5testss_36f17_collects_multiple_anomaly_errorss0_0B7_
FNDA:2,_RNCNvNtNtCs3I23rWd8G42_16syslog_generator8validate5testss_36f17_collects_multiple_anomaly_errorss_0B7_
FNDA:3,_RNCNvNtNtCs3I23rWd8G42_16syslog_generator8validate5testss_36f17_rejects_packet_loss_out_of_range0B7_
FNDA:1,_RNCNvNtNtCs3I23rWd8G42_16syslog_generator8validate5testss_36f17_rejects_slow_drip_divisor_le_one0B7_
FNDA:1,_RNCNvNtNtCs3I23rWd8G42_16syslog_generator8validate5testss_37f17_rejects_burst_negative_multiplier0B7_
FNDA:0,_RNCNvNtNtCs3I23rWd8G42_16syslog_generator8validate5testss_39f17_accepts_packet_loss_boundary_values0B7_
FNDA:0,_RNCNvNtNtCs3I23rWd8G42_16syslog_generator8validate5testss_41accepts_unbounded_when_total_messages_set0B7_
FNDA:1,_RNCNvNtNtCs3I23rWd8G42_16syslog_generator8validate5testss_41load_shape_constant_rejects_negative_rate0B7_
FNDA:1,_RNCNvNtNtCs3I23rWd8G42_16syslog_generator8validate5testss_41tls_client_key_file_not_found_emits_error0B7_
FNDA:1,_RNCNvNtNtCs3I23rWd8G42_16syslog_generator8validate5testss_42invalid_cef_config_missing_required_fields0B7_
FNDA:2,_RNCNvNtNtCs3I23rWd8G42_16syslog_generator8validate5testss_42leef_field_validation_catches_empty_fields0B7_
FNDA:1,_RNCNvNtNtCs3I23rWd8G42_16syslog_generator8validate5testss_42load_shape_sine_validates_period_and_rates0B7_
FNDA:1,_RNCNvNtNtCs3I23rWd8G42_16syslog_generator8validate5testss_42load_shape_sine_validates_period_and_ratess_0B7_
FNDA:1,_RNCNvNtNtCs3I23rWd8G42_16syslog_generator8validate5testss_43invalid_leef_config_missing_required_fields0B7_
FNDA:1,_RNCNvNtNtCs3I23rWd8G42_16syslog_generator8validate5testss_48load_shape_burst_rejects_non_positive_every_secs0B7_
FNDA:0,_RNCNvNtCs3I23rWd8G42_16syslog_generator8validate15validate_target0B5_
FNDA:1,_RNCNvNtCs3I23rWd8G42_16syslog_generator8validate16validate_profile0B5_
FNDA:0,_RINvNtNtCs3I23rWd8G42_16syslog_generator8validate5tests23assert_validation_errorpEB6_
FNDA:62,_RNvNtNtCs3I23rWd8G42_16syslog_generator8validate5tests11valid_phase
FNDA:47,_RNvNtNtCs3I23rWd8G42_16syslog_generator8validate5tests12valid_target
FNDA:47,_RNvNtNtCs3I23rWd8G42_16syslog_generator8validate5tests13valid_profile
FNDA:14,_RNvNtNtCs3I23rWd8G42_16syslog_generator8validate5tests18anomaly_phase_with
FNDA:1,_RNvNtNtCs3I23rWd8G42_16syslog_generator8validate5testss_18rejects_bad_format
FNDA:1,_RNvNtNtCs3I23rWd8G42_16syslog_generator8validate5testss_20rejects_empty_phases
FNDA:1,_RNvNtNtCs3I23rWd8G42_16syslog_generator8validate5testss_20rejects_zero_padding
FNDA:1,_RNvNtNtCs3I23rWd8G42_16syslog_generator8validate5testss_21accepts_valid_profile
FNDA:1,_RNvNtNtCs3I23rWd8G42_16syslog_generator8validate5testss_21rejects_bad_transport
FNDA:1,_RNvNtNtCs3I23rWd8G42_16syslog_generator8validate5testss_23rejects_unbounded_phase
FNDA:1,_RNvNtNtCs3I23rWd8G42_16syslog_generator8validate5testss_24collects_multiple_errors
FNDA:1,_RNvNtNtCs3I23rWd8G42_16syslog_generator8validate5testss_24negative_load_shape_rate
FNDA:1,_RNvNtNtCs3I23rWd8G42_16syslog_generator8validate5testss_24rejects_bad_distribution
FNDA:1,_RNvNtNtCs3I23rWd8G42_16syslog_generator8validate5testss_24rejects_empty_phase_name
FNDA:1,_RNvNtNtCs3I23rWd8G42_16syslog_generator8validate5testss_24rejects_zero_connections
FNDA:1,_RNvNtNtCs3I23rWd8G42_16syslog_generator8validate5testss_25rejects_bad_shutdown_mode
FNDA:1,_RNvNtNtCs3I23rWd8G42_16syslog_generator8validate5testss_25rejects_no_content_source
FNDA:1,_RNvNtNtCs3I23rWd8G42_16syslog_generator8validate5testss_25rejects_weighted_all_zero
FNDA:1,_RNvNtNtCs3I23rWd8G42_16syslog_generator8validate5testss_27f17_accepts_valid_slow_drip
FNDA:1,_RNvNtNtCs3I23rWd8G42_16syslog_generator8validate5testss_29f17_accepts_valid_packet_loss
FNDA:1,_RNvNtNtCs3I23rWd8G42_16syslog_generator8validate5testss_29invalid_cef_severity_too_high
FNDA:1,_RNvNtNtCs3I23rWd8G42_16syslog_generator8validate5testss_29invalid_tls_cipher_suite_name
FNDA:1,_RNvNtNtCs3I23rWd8G42_16syslog_generator8validate5testss_29rejects_bad_severity_facility
FNDA:1,_RNvNtNtCs3I23rWd8G42_16syslog_generator8validate5testss_31f17_rejects_burst_zero_interval
FNDA:1,_RNvNtNtCs3I23rWd8G42_16syslog_generator8validate5testss_31invalid_file_rotation_size_zero
FNDA:1,_RNvNtNtCs3I23rWd8G42_16syslog_generator8validate5testss_31invalid_reconnect_backoff_range
FNDA:1,_RNvNtNtCs3I23rWd8G42_16syslog_generator8validate5testss_32rejects_negative_template_weight
FNDA:1,_RNvNtNtCs3I23rWd8G42_16syslog_generator8validate5testss_33f17_accepts_valid_burst_injection
FNDA:1,_RNvNtNtCs3I23rWd8G42_16syslog_generator8validate5testss_33f17_rejects_burst_zero_multiplier
FNDA:1,_RNvNtNtCs3I23rWd8G42_16syslog_generator8validate5testss_33rejects_template_weights_mismatch
FNDA:1,_RNvNtNtCs3I23rWd8G42_16syslog_generator8validate5testss_34reconnect_multiplier_zero_rejected
FNDA:1,_RNvNtNtCs3I23rWd8G42_16syslog_generator8validate5testss_35f17_rejects_burst_negative_duration
FNDA:1,_RNvNtNtCs3I23rWd8G42_16syslog_generator8validate5testss_35f17_rejects_slow_drip_zero_duration
FNDA:1,_RNvNtNtCs3I23rWd8G42_16syslog_generator8validate5testss_35invalid_file_rotation_interval_zero
FNDA:1,_RNvNtNtCs3I23rWd8G42_16syslog_generator8validate5testss_35severity_not_checked_for_raw_format
FNDA:1,_RNvNtNtCs3I23rWd8G42_16syslog_generator8validate5testss_36f17_collects_multiple_anomaly_errors
FNDA:1,_RNvNtNtCs3I23rWd8G42_16syslog_generator8validate5testss_36f17_rejects_packet_loss_out_of_range
FNDA:1,_RNvNtNtCs3I23rWd8G42_16syslog_generator8validate5testss_36f17_rejects_slow_drip_divisor_le_one
FNDA:1,_RNvNtNtCs3I23rWd8G42_16syslog_generator8validate5testss_37f17_rejects_burst_negative_multiplier
FNDA:1,_RNvNtNtCs3I23rWd8G42_16syslog_generator8validate5testss_39f17_accepts_packet_loss_boundary_values
FNDA:1,_RNvNtNtCs3I23rWd8G42_16syslog_generator8validate5testss_41accepts_unbounded_when_total_messages_set
FNDA:1,_RNvNtNtCs3I23rWd8G42_16syslog_generator8validate5testss_41load_shape_constant_rejects_negative_rate
FNDA:1,_RNvNtNtCs3I23rWd8G42_16syslog_generator8validate5testss_41tls_client_key_file_not_found_emits_error
FNDA:1,_RNvNtNtCs3I23rWd8G42_16syslog_generator8validate5testss_42invalid_cef_config_missing_required_fields
FNDA:1,_RNvNtNtCs3I23rWd8G42_16syslog_generator8validate5testss_42leef_field_validation_catches_empty_fields
FNDA:1,_RNvNtNtCs3I23rWd8G42_16syslog_generator8validate5testss_42load_shape_sine_validates_period_and_rates
FNDA:1,_RNvNtNtCs3I23rWd8G42_16syslog_generator8validate5testss_43invalid_leef_config_missing_required_fields
FNDA:1,_RNvNtNtCs3I23rWd8G42_16syslog_generator8validate5testss_48load_shape_burst_rejects_non_positive_every_secs
FNDA:2,_RNvNtCs3I23rWd8G42_16syslog_generator8validate12validate_cef
FNDA:0,_RNvNtCs3I23rWd8G42_16syslog_generator8validate13format_errors
FNDA:2,_RNvNtCs3I23rWd8G42_16syslog_generator8validate13validate_leef
FNDA:45,_RNvNtCs3I23rWd8G42_16syslog_generator8validate14validate_phase
FNDA:39,_RNvNtCs3I23rWd8G42_16syslog_generator8validate15validate_syslog
FNDA:47,_RNvNtCs3I23rWd8G42_16syslog_generator8validate15validate_target
FNDA:47,_RNvNtCs3I23rWd8G42_16syslog_generator8validate16validate_profile
FNDA:4,_RNvNtCs3I23rWd8G42_16syslog_generator8validate19validate_load_shape
FNDA:16,_RNvNtCs3I23rWd8G42_16syslog_generator8validate21validate_anomaly_kind
FNDA:8,_RNvNtCs3I23rWd8G42_16syslog_generator8validate8push_neg
FNF:102
FNH:97
DA:392,97
DA:393,97
DA:396,97
DA:397,4
DA:398,4
DA:399,4
DA:400,4
DA:401,93
DA:404,97
DA:405,1
DA:406,1
DA:407,1
DA:408,1
DA:409,96
DA:412,108
DA:413,108
DA:414,108
DA:417,97
DA:418,2
DA:419,2
DA:420,1
DA:421,1
DA:422,96
DA:425,97
DA:426,4
DA:427,93
DA:428,97
DA:429,94
DA:430,94
DA:432,97
DA:433,97
DA:435,108
DA:436,108
DA:437,1
DA:438,107
DA:439,108
DA:440,5
DA:441,5
DA:442,5
DA:443,5
DA:444,5
DA:445,5
DA:446,103
DA:449,108
DA:450,1
DA:451,1
DA:452,1
DA:453,1
DA:454,1
DA:455,1
DA:456,107
DA:457,108
DA:458,2
DA:459,2
DA:460,2
DA:461,2
DA:462,2
DA:463,106
DA:466,108
DA:467,5
DA:468,1
DA:469,1
DA:470,1
DA:471,1
DA:472,1
DA:473,4
DA:474,103
DA:478,108
DA:479,1
DA:480,1
DA:481,1
DA:482,1
DA:483,1
DA:484,1
DA:485,1
DA:486,107
DA:488,108
DA:489,1
DA:490,1
DA:491,1
DA:492,1
DA:493,1
DA:494,1
DA:495,1
DA:496,107
DA:500,108
DA:501,1
DA:502,1
DA:503,1
DA:504,1
DA:505,1
DA:506,1
DA:507,1
DA:508,107
DA:512,108
DA:513,6
DA:514,6
DA:515,2
DA:516,2
DA:517,2
DA:518,2
DA:519,2
DA:520,2
DA:521,4
DA:523,105
DA:528,108
DA:529,0
DA:530,0
DA:531,0
DA:532,0
DA:533,108
DA:536,108
DA:537,108
DA:538,108
DA:539,5
DA:540,4
DA:541,2
DA:542,2
DA:543,2
DA:544,2
DA:545,2
DA:546,2
DA:547,2
DA:548,1
DA:549,5
DA:550,2
DA:551,1
DA:552,1
DA:553,1
DA:554,1
DA:555,1
DA:556,1
DA:557,1
DA:558,3
DA:559,5
DA:560,2
DA:561,1
DA:562,1
DA:563,1
DA:564,1
DA:565,1
DA:566,3
DA:567,103
DA:570,108
DA:571,4
DA:572,1
DA:573,1
DA:574,1
DA:575,1
DA:576,3
DA:577,104
DA:578,108
DA:579,3
DA:580,2
DA:581,2
DA:582,2
DA:583,2
DA:584,2
DA:585,2
DA:586,105
DA:587,108
DA:589,2
DA:590,1
DA:591,1
DA:592,1
DA:593,1
DA:594,1
DA:595,1
DA:596,1
DA:597,106
DA:605,108
DA:606,0
DA:607,0
DA:608,0
DA:609,0
DA:610,108
DA:647,108
DA:649,94
DA:650,94
DA:652,94
DA:653,1
DA:654,1
DA:655,1
DA:656,1
DA:657,93
DA:660,94
DA:661,94
DA:662,1
DA:663,1
DA:664,1
DA:665,1
DA:666,1
DA:667,1
DA:668,93
DA:671,94
DA:672,1
DA:673,1
DA:674,1
DA:675,1
DA:676,93
DA:679,94
DA:680,1
DA:681,1
DA:682,1
DA:683,1
DA:684,93
DA:687,94
DA:688,2
DA:689,1
DA:690,1
DA:691,1
DA:692,1
DA:693,1
DA:694,1
DA:695,1
DA:696,3
DA:697,3
DA:698,1
DA:699,1
DA:700,1
DA:701,1
DA:702,1
DA:703,2
DA:705,92
DA:708,94
DA:709,1
DA:710,1
DA:711,1
DA:712,1
DA:713,1
DA:714,93
DA:717,94
DA:718,65
DA:719,65
DA:722,94
DA:723,94
DA:724,88
DA:725,85
DA:729,94
DA:730,6
DA:731,88
DA:734,94
DA:735,22
DA:736,22
DA:737,22
DA:738,74
DA:739,94
DA:741,22
DA:742,22
DA:743,22
DA:744,22
DA:745,22
DA:746,22
DA:747,22
DA:748,22
DA:750,9
DA:751,9
DA:752,9
DA:754,9
DA:755,4
DA:756,4
DA:757,4
DA:758,4
DA:759,4
DA:760,4
DA:761,5
DA:762,9
DA:763,2
DA:764,2
DA:765,2
DA:766,2
DA:767,2
DA:768,2
DA:769,7
DA:770,9
DA:771,1
DA:772,1
DA:773,1
DA:774,1
DA:775,1
DA:776,1
DA:777,8
DA:780,4
DA:781,4
DA:785,4
DA:786,1
DA:787,1
DA:788,1
DA:789,1
DA:790,1
DA:791,1
DA:792,3
DA:793,4
DA:794,1
DA:795,1
DA:796,1
DA:797,1
DA:798,1
DA:799,1
DA:800,3
DA:802,9
DA:804,9
DA:805,4
DA:806,4
DA:807,4
DA:808,4
DA:809,4
DA:810,4
DA:811,5
DA:814,22
DA:816,6
DA:817,6
DA:818,6
DA:819,6
DA:820,6
DA:821,6
DA:822,6
DA:823,3
DA:824,3
DA:825,3
DA:826,3
DA:827,3
DA:829,15
DA:830,3
DA:831,3
DA:832,3
DA:833,3
DA:834,3
DA:835,3
DA:839,15
DA:840,15
DA:841,12
DA:842,9
DA:843,6
DA:844,3
DA:845,0
DA:847,15
DA:848,1
DA:849,1
DA:850,1
DA:851,1
DA:852,1
DA:853,14
DA:855,3
DA:856,2
DA:857,2
DA:858,2
DA:859,2
DA:860,2
DA:861,2
DA:862,2
DA:863,1
DA:864,6
DA:866,3
DA:867,3
DA:868,3
DA:869,3
DA:870,3
DA:871,3
DA:872,3
DA:873,2
DA:874,2
DA:875,2
DA:876,2
DA:877,2
DA:879,4
DA:881,4
DA:882,4
DA:883,3
DA:884,2
DA:885,1
DA:886,0
DA:888,4
DA:889,2
DA:890,2
DA:891,2
DA:892,2
DA:893,2
DA:894,2
DA:896,3
DA:898,65
DA:899,65
DA:900,1
DA:901,1
DA:902,1
DA:903,1
DA:904,1
DA:905,64
DA:906,65
DA:907,1
DA:908,1
DA:909,1
DA:910,1
DA:911,1
DA:912,64
DA:913,65
DA:915,13
DA:916,13
DA:917,3
DA:918,3
DA:919,3
DA:920,3
DA:921,3
DA:922,3
DA:923,10
DA:924,13
DA:926,6
DA:927,6
DA:928,6
DA:929,6
DA:930,6
DA:931,6
DA:932,6
DA:933,1
DA:934,1
DA:935,1
DA:936,1
DA:939,2
DA:940,2
DA:941,2
DA:942,2
DA:943,2
DA:944,2
DA:946,1
DA:947,1
DA:948,1
DA:950,1
DA:951,1
DA:952,1
DA:953,1
DA:954,1
DA:955,1
DA:956,1
DA:957,1
DA:958,1
DA:959,1
DA:962,2
DA:963,2
DA:964,2
DA:965,2
DA:967,2
DA:968,2
DA:969,2
DA:970,1
DA:971,1
DA:972,1
DA:973,1
DA:974,1
DA:975,1
DA:976,1
DA:977,2
DA:980,6
DA:983,2
DA:984,2
DA:985,4
DA:986,4
DA:987,4
DA:988,2
DA:989,2
DA:1024,0
DA:1025,0
DA:1026,0
DA:1028,0
DA:1029,0
DA:1033,0
DA:1035,62
DA:1036,62
DA:1037,62
DA:1038,62
DA:1039,62
DA:1040,62
DA:1041,62
DA:1042,62
DA:1044,47
DA:1045,47
DA:1046,47
DA:1047,47
DA:1048,47
DA:1049,47
DA:1050,47
DA:1052,47
DA:1053,47
DA:1054,47
DA:1055,47
DA:1056,47
DA:1057,47
DA:1058,47
DA:1059,47
DA:1060,47
DA:1063,1
DA:1064,1
DA:1065,1
DA:1068,1
DA:1069,1
DA:1070,1
DA:1071,1
DA:1072,1
DA:1073,1
DA:1076,1
DA:1077,1
DA:1078,1
DA:1079,1
DA:1080,1
DA:1081,1
DA:1082,1
DA:1083,1
DA:1086,1
DA:1087,1
DA:1088,1
DA:1089,1
DA:1090,1
DA:1091,1
DA:1092,1
DA:1093,1
DA:1096,1
DA:1097,1
DA:1098,1
DA:1099,1
DA:1100,1
DA:1101,1
DA:1102,1
DA:1103,1
DA:1106,1
DA:1107,1
DA:1108,1
DA:1109,1
DA:1110,1
DA:1111,1
DA:1112,1
DA:1113,1
DA:1116,1
DA:1117,1
DA:1118,1
DA:1119,1
DA:1120,1
DA:1121,1
DA:1122,1
DA:1123,1
DA:1124,1
DA:1127,1
DA:1128,1
DA:1129,1
DA:1130,1
DA:1131,1
DA:1132,1
DA:1133,1
DA:1134,1
DA:1135,1
DA:1138,1
DA:1139,1
DA:1140,1
DA:1141,1
DA:1142,1
DA:1143,1
DA:1144,1
DA:1145,2
DA:1146,1
DA:1147,1
DA:1148,1
DA:1149,1
DA:1152,1
DA:1153,1
DA:1154,1
DA:1155,1
DA:1156,1
DA:1157,1
DA:1158,1
DA:1159,1
DA:1160,1
DA:1163,1
DA:1164,1
DA:1165,1
DA:1166,1
DA:1167,1
DA:1168,1
DA:1169,1
DA:1170,1
DA:1171,1
DA:1174,1
DA:1175,1
DA:1176,1
DA:1177,1
DA:1178,1
DA:1179,1
DA:1180,1
DA:1181,1
DA:1184,1
DA:1185,1
DA:1186,1
DA:1187,1
DA:1188,1
DA:1189,1
DA:1190,1
DA:1193,1
DA:1194,1
DA:1195,1
DA:1196,1
DA:1197,1
DA:1198,1
DA:1199,1
DA:1200,1
DA:1204,14
DA:1205,14
DA:1206,14
DA:1207,14
DA:1208,14
DA:1211,1
DA:1212,1
DA:1213,1
DA:1214,1
DA:1215,1
DA:1216,1
DA:1217,1
DA:1218,1
DA:1219,1
DA:1220,1
DA:1223,1
DA:1224,1
DA:1225,1
DA:1226,1
DA:1227,1
DA:1228,1
DA:1229,1
DA:1230,1
DA:1231,1
DA:1234,1
DA:1235,1
DA:1236,1
DA:1237,1
DA:1238,1
DA:1239,1
DA:1242,1
DA:1243,1
DA:1244,1
DA:1245,1
DA:1246,1
DA:1247,1
DA:1248,1
DA:1249,1
DA:1250,1
DA:1251,1
DA:1252,1
DA:1253,1
DA:1254,1
DA:1257,1
DA:1258,1
DA:1259,1
DA:1260,1
DA:1261,1
DA:1262,1
DA:1263,1
DA:1264,1
DA:1265,1
DA:1266,1
DA:1267,1
DA:1268,1
DA:1269,1
DA:1272,1
DA:1273,1
DA:1274,1
DA:1275,1
DA:1276,1
DA:1277,1
DA:1278,1
DA:1279,1
DA:1280,1
DA:1281,1
DA:1282,1
DA:1283,1
DA:1284,1
DA:1287,1
DA:1288,1
DA:1289,1
DA:1290,1
DA:1291,1
DA:1292,1
DA:1293,1
DA:1294,1
DA:1295,1
DA:1296,1
DA:1297,1
DA:1298,1
DA:1299,1
DA:1302,1
DA:1303,1
DA:1304,1
DA:1305,1
DA:1306,1
DA:1307,1
DA:1308,1
DA:1309,1
DA:1310,1
DA:1311,1
DA:1312,1
DA:1313,1
DA:1316,1
DA:1317,1
DA:1318,1
DA:1319,1
DA:1320,1
DA:1321,1
DA:1322,1
DA:1323,1
DA:1324,1
DA:1325,1
DA:1326,1
DA:1327,1
DA:1330,1
DA:1331,3
DA:1332,3
DA:1333,3
DA:1334,3
DA:1335,3
DA:1336,3
DA:1337,3
DA:1338,3
DA:1339,3
DA:1343,1
DA:1346,1
DA:1347,2
DA:1348,2
DA:1349,2
DA:1350,2
DA:1351,2
DA:1352,2
DA:1353,2
DA:1354,2
DA:1355,2
DA:1356,2
DA:1360,1
DA:1363,1
DA:1364,1
DA:1365,1
DA:1366,1
DA:1367,1
DA:1368,1
DA:1369,1
DA:1370,1
DA:1371,1
DA:1372,1
DA:1373,1
DA:1374,1
DA:1375,1
DA:1376,1
DA:1377,1
DA:1378,1
DA:1379,1
DA:1380,1
DA:1381,1
DA:1382,1
DA:1383,1
DA:1384,1
DA:1385,1
DA:1386,1
DA:1387,2
DA:1388,1
DA:1389,1
DA:1390,3
DA:1391,1
DA:1434,1
DA:1435,1
DA:1436,1
DA:1437,1
DA:1438,1
DA:1439,1
DA:1440,1
DA:1441,1
DA:1444,1
DA:1445,1
DA:1446,1
DA:1447,1
DA:1448,1
DA:1449,1
DA:1450,1
DA:1451,1
DA:1454,1
DA:1455,1
DA:1456,1
DA:1457,1
DA:1458,1
DA:1459,1
DA:1460,1
DA:1461,1
DA:1462,1
DA:1465,1
DA:1466,1
DA:1467,1
DA:1469,1
DA:1470,1
DA:1471,1
DA:1472,1
DA:1473,1
DA:1474,1
DA:1477,1
DA:1478,1
DA:1479,1
DA:1480,1
DA:1481,1
DA:1482,1
DA:1483,1
DA:1484,1
DA:1485,1
DA:1488,1
DA:1489,1
DA:1490,1
DA:1491,1
DA:1492,1
DA:1493,1
DA:1494,1
DA:1495,1
DA:1496,1
DA:1499,1
DA:1500,1
DA:1501,1
DA:1502,1
DA:1503,1
DA:1504,1
DA:1505,1
DA:1506,1
DA:1507,1
DA:1508,1
DA:1509,1
DA:1510,1
DA:1511,1
DA:1512,1
DA:1513,1
DA:1514,1
DA:1515,1
DA:1518,1
DA:1519,1
DA:1520,1
DA:1521,1
DA:1522,1
DA:1523,1
DA:1524,1
DA:1525,1
DA:1526,1
DA:1527,1
DA:1528,1
DA:1534,1
DA:1535,1
DA:1536,1
DA:1537,1
DA:1538,1
DA:1539,1
DA:1540,1
DA:1541,1
DA:1542,1
DA:1543,1
DA:1544,1
DA:1545,1
DA:1546,1
DA:1547,2
DA:1548,2
DA:1549,0
DA:1550,2
DA:1551,1
DA:1552,1
DA:1553,1
DA:1557,1
DA:1558,1
DA:1562,1
DA:1567,1
DA:1568,1
DA:1569,1
DA:1570,1
DA:1571,1
DA:1572,1
DA:1573,1
DA:1574,1
DA:1575,1
DA:1576,1
DA:1579,1
DA:1580,1
DA:1583,1
DA:1589,1
DA:1590,1
DA:1591,1
DA:1592,1
DA:1593,1
DA:1594,1
DA:1595,1
DA:1597,1
DA:1602,1
DA:1603,1
DA:1604,1
DA:1605,1
DA:1606,1
DA:1607,1
DA:1608,1
DA:1609,1
DA:1610,1
DA:1611,1
DA:1612,1
DA:1613,1
DA:1615,1
DA:1620,1
DA:1621,1
DA:1622,1
DA:1623,1
DA:1624,1
DA:1625,1
DA:1626,1
DA:1627,1
DA:1628,1
DA:1633,1
DA:1634,1
DA:1635,1
DA:1636,1
DA:1637,1
DA:1638,1
DA:1639,1
DA:1640,1
DA:1641,1
DA:1643,1
DA:1648,1
DA:1649,1
DA:1650,1
DA:1651,1
DA:1652,1
DA:1653,1
DA:1654,1
DA:1655,1
DA:1660,1
DA:1661,1
DA:1662,1
DA:1663,1
DA:1664,1
DA:1665,1
DA:1666,1
DA:1668,1
DA:1673,1
DA:1674,1
DA:1675,1
DA:1676,1
DA:1677,1
DA:1678,1
DA:1679,1
DA:1680,1
DA:1686,1
DA:1687,1
DA:1688,1
DA:1689,1
DA:1690,1
DA:1691,1
DA:1692,1
DA:1693,1
DA:1695,1
BRF:0
BRH:0
LF:986
LH:945
end_of_record